kailianzhang@meilishuo.com

kailianzhang

20160111114621
20160111114621
kailianzhang@meilishuo.com

kailianzhang

20160111114519
20160111114519
kailianzhang@meilishuo.com

kailianzhang

20160111121419
20160111121419
1de58ad388ace3cbc3cd7874eedf5f8ef0.53466
kailianzhang@meilishuo.com

kailianzhang

20160111114514
20160111114514
kailianzhang@meilishuo.com

kailianzhang

20160111114525
20160111114525
160e98ecb81c45b45f8a0d62c90fb2ebf0.38236
kailianzhang@meilishuo.com

kailianzhang

20160111121232
20160111121232
1b41aef7b90dc9ed48a69880864baedcc0.65496
kailianzhang@meilishuo.com

kailianzhang

20160111114617
20160111114617
160e69f82f860f9862adc3de39988f7bf0.91764
1ec52e5bbdb54a34f01fa847305659ac50.60903
13d6986f32203a0dc4d06ded0af2e76270.99715
17aedc9c4674c5ababc55b8132ef545360.23024
kailianzhang@meilishuo.com

kailianzhang

20160111120828
20160111120828
kailianzhang@meilishuo.com

kailianzhang

20160111114517
20160111114517
kailianzhang@meilishuo.com

kailianzhang

20160111114542
20160111114542
kailianzhang@meilishuo.com

kailianzhang

20160111121307
20160111121307
160e69f82f860f9862adc3de39988f7bf0.91764
kailianzhang@meilishuo.com

kailianzhang

20160111114536
20160111114536
1ec52e5bbdb54a34f01fa847305659ac50.60903
kailianzhang@meilishuo.com

kailianzhang

20160111121242
20160111121242
1b41aef7b90dc9ed48a69880864baedcc0.65496
kailianzhang@meilishuo.com

kailianzhang

20160111120826
20160111120826
kailianzhang@meilishuo.com

kailianzhang

20160111151340
20160111151340
kailianzhang@meilishuo.com

kailianzhang

20160111140419
20160111140419
20151210115117
kailianzhang@meilishuo.com

kailianzhang

20160111141450
20160111141450
kailianzhang@meilishuo.com

kailianzhang

20160111140645
20160111140645
kailianzhang@meilishuo.com

kailianzhang

20160111142408
20160111142408
kailianzhang@meilishuo.com

kailianzhang

20160111151728
20160111151728
kailianzhang@meilishuo.com

kailianzhang

20160111154234
20160111154234
kailianzhang@meilishuo.com

kailianzhang

20160111140423
20160111140423
kailianzhang@meilishuo.com

kailianzhang

20160111142039
20160111142039
kailianzhang@meilishuo.com

kailianzhang

20160111140850
20160111140850
20160111140905
weight
weight
kailianzhang@meilishuo.com

kailianzhang

20160111140703
20160111140703
20160111140905
weight
http://172.16.0.18:8080/api/poster_statistics?page_num=1&ip=goodslist-bj.meiliworks.com&port=80&tests=poster_ranking_1&sort=weight
[u'\u5e97\u94fa\u5e73\u5747dsr', u'cpc\u5e97\u94fa\u5e73\u5747dsr', u'nocpc\u5e97\u94fa\u5e73\u5747dsr', u'\u5e97\u94fa\u5e73\u5747\u590d\u8d2d\u7387', u'\u5e97\u94fa\u9ad8dsr\u8986\u76d6', u'\u94fa\u9ad8\u590d\u8d2d\u7387\u8986\u76d6', u'\u56fe\u72474\u5206', u'\u56fe\u72473\u5206', u'\u6b3e\u5f0f4\u5206', u'\u6b3e\u5f0f3\u5206', u'\u5e73\u5747\u4e0a\u67b6\u65f6\u95f4', u'\u65b0\u54c1\u7387', u'ecpm', u'\u5e73\u5747\u70ed\u9500\u5206', u'\u70ed\u9500\u5546\u54c1\u5360\u6bd4', u'\u5e73\u5747ctr', u'ka\u586b\u5145', u'5\u7ea7\u5546\u5bb6\u5360\u6bd4', u'4\u7ea7\u5546\u5bb6\u5360\u6bd4', u'3\u7ea7\u5546\u5bb6\u5360\u6bd4', u'2\u7ea7\u5546\u5bb6\u5360\u6bd4', u'1\u7ea7\u5546\u5bb6\u5360\u6bd4', u'0\u7ea7\u5546\u5bb6\u5360\u6bd4', u'\u534e\u5317\u5546\u5bb6\u5360\u6bd4', u'\u534e\u5357\u5546\u5bb6\u5360\u6bd4', u'\u534e\u4e1c\u5546\u5bb6\u5360\u6bd4', u'price', u'\u5e73\u5747dsr', u'\u82b1\u82b1\u5728\u7ebf\u7387', u'\u82b1\u82b1\u53ca\u65f6\u56de\u590d\u7387', u'\u82b1\u82b1\u9996\u6b21\u54cd\u5e94\u65f6\u95f4', u'\u53ca\u65f6\u53d1\u8d27\u7387', u'\u6709\u7406\u7531\u9000\u6b3e\u7387', u'\u9ec4\u91d1\u6a71\u7a97\u586b\u5145', u'\u6a71\u7a97\u586b\u5145\u7387', u'915\u6d3b\u52a8\u5927\u4fc3\u586b\u5145\u7387', u'\u63a8\u5e7f\u5546\u54c1\u586b\u5145\u7387', u'cpc\u7ade\u4ef7\u5355\u4ef7', u'cpc\u7ade\u4ef7gsp', u'\u6253\u6807\u65b0\u6b3e\u586b\u5145', u'cpc\u6253\u6807\u65b0\u6b3e\u586b\u5145', u'nocpc\u6253\u6807\u65b0\u6b3e\u586b\u5145', u'\u767d\u540d\u5355\u5e97\u94fa\u586b\u5145\u7387', u'CPC\u767d\u540d\u5355\u5e97\u94fa\u586b\u5145\u7387', u'NO CPC\u767d\u540d\u5355\u5e97\u94fa\u586b\u5145\u7387', u'CS\u586b\u5145\u7387', u'CPC CS\u586b\u5145\u7387', u'NO CPC CS\u586b\u5145\u7387', u'\u4f5c\u5f0a\u5546\u5bb6\u586b\u5145\u7387', u'\u597d\u5e97\u586b\u5145\u7387', u'CPC \u597d\u5e97\u586b\u5145\u7387', u'NO CPC \u597d\u5e97\u586b\u5145\u7387']
[u'\u5e97\u94fa\u5e73\u5747dsr', u'cpc\u5e97\u94fa\u5e73\u5747dsr', u'nocpc\u5e97\u94fa\u5e73\u5747dsr', u'\u5e97\u94fa\u5e73\u5747\u590d\u8d2d\u7387', u'\u5e97\u94fa\u9ad8dsr\u8986\u76d6', u'\u94fa\u9ad8\u590d\u8d2d\u7387\u8986\u76d6', u'\u56fe\u72474\u5206', u'\u56fe\u72473\u5206', u'\u6b3e\u5f0f4\u5206', u'\u6b3e\u5f0f3\u5206', u'\u5e73\u5747\u4e0a\u67b6\u65f6\u95f4', u'\u65b0\u54c1\u7387', u'ecpm', u'\u5e73\u5747\u70ed\u9500\u5206', u'\u70ed\u9500\u5546\u54c1\u5360\u6bd4', u'\u5e73\u5747ctr', u'ka\u586b\u5145', u'5\u7ea7\u5546\u5bb6\u5360\u6bd4', u'4\u7ea7\u5546\u5bb6\u5360\u6bd4', u'3\u7ea7\u5546\u5bb6\u5360\u6bd4', u'2\u7ea7\u5546\u5bb6\u5360\u6bd4', u'1\u7ea7\u5546\u5bb6\u5360\u6bd4', u'0\u7ea7\u5546\u5bb6\u5360\u6bd4', u'\u534e\u5317\u5546\u5bb6\u5360\u6bd4', u'\u534e\u5357\u5546\u5bb6\u5360\u6bd4', u'\u534e\u4e1c\u5546\u5bb6\u5360\u6bd4', u'price', u'\u5e73\u5747dsr', u'\u82b1\u82b1\u5728\u7ebf\u7387', u'\u82b1\u82b1\u53ca\u65f6\u56de\u590d\u7387', u'\u82b1\u82b1\u9996\u6b21\u54cd\u5e94\u65f6\u95f4', u'\u53ca\u65f6\u53d1\u8d27\u7387', u'\u6709\u7406\u7531\u9000\u6b3e\u7387', u'\u9ec4\u91d1\u6a71\u7a97\u586b\u5145', u'\u6a71\u7a97\u586b\u5145\u7387', u'915\u6d3b\u52a8\u5927\u4fc3\u586b\u5145\u7387', u'\u63a8\u5e7f\u5546\u54c1\u586b\u5145\u7387', u'cpc\u7ade\u4ef7\u5355\u4ef7', u'cpc\u7ade\u4ef7gsp', u'\u6253\u6807\u65b0\u6b3e\u586b\u5145', u'cpc\u6253\u6807\u65b0\u6b3e\u586b\u5145', u'nocpc\u6253\u6807\u65b0\u6b3e\u586b\u5145', u'\u767d\u540d\u5355\u5e97\u94fa\u586b\u5145\u7387', u'CPC\u767d\u540d\u5355\u5e97\u94fa\u586b\u5145\u7387', u'NO CPC\u767d\u540d\u5355\u5e97\u94fa\u586b\u5145\u7387', u'CS\u586b\u5145\u7387', u'CPC CS\u586b\u5145\u7387', u'NO CPC CS\u586b\u5145\u7387', u'\u4f5c\u5f0a\u5546\u5bb6\u586b\u5145\u7387', u'\u597d\u5e97\u586b\u5145\u7387', u'CPC \u597d\u5e97\u586b\u5145\u7387', u'NO CPC \u597d\u5e97\u586b\u5145\u7387']
kailianzhang@meilishuo.com

kailianzhang

20160111160041
20160111160041
kailianzhang@meilishuo.com

kailianzhang

20160111140905
20160111140905
kailianzhang@meilishuo.com

kailianzhang

20160111140428
20160111140428
kailianzhang@meilishuo.com

kailianzhang

20160111140640
20160111140640
kailianzhang@meilishuo.com

kailianzhang

20160111140433
20160111140433
20160111140850
weight
weight
kailianzhang@meilishuo.com

kailianzhang

20160111142352
20160111142352
kailianzhang@meilishuo.com

kailianzhang

20160111142516
20160111142516
kailianzhang@meilishuo.com

kailianzhang

20160111140413
20160111140413
kailianzhang@meilishuo.com

kailianzhang

20160111140715
20160111140715
20160111140850
weight
http://172.16.0.18:8080/api/poster_statistics?page_num=1&ip=goodslist-bj.meiliworks.com&port=80&tests=poster_ranking_1&sort=weight
[u'\u5e97\u94fa\u5e73\u5747dsr', u'cpc\u5e97\u94fa\u5e73\u5747dsr', u'nocpc\u5e97\u94fa\u5e73\u5747dsr', u'\u5e97\u94fa\u5e73\u5747\u590d\u8d2d\u7387', u'\u5e97\u94fa\u9ad8dsr\u8986\u76d6', u'\u94fa\u9ad8\u590d\u8d2d\u7387\u8986\u76d6', u'\u56fe\u72474\u5206', u'\u56fe\u72473\u5206', u'\u6b3e\u5f0f4\u5206', u'\u6b3e\u5f0f3\u5206', u'\u5e73\u5747\u4e0a\u67b6\u65f6\u95f4', u'\u65b0\u54c1\u7387', u'ecpm', u'\u5e73\u5747\u70ed\u9500\u5206', u'\u70ed\u9500\u5546\u54c1\u5360\u6bd4', u'\u5e73\u5747ctr', u'ka\u586b\u5145', u'5\u7ea7\u5546\u5bb6\u5360\u6bd4', u'4\u7ea7\u5546\u5bb6\u5360\u6bd4', u'3\u7ea7\u5546\u5bb6\u5360\u6bd4', u'2\u7ea7\u5546\u5bb6\u5360\u6bd4', u'1\u7ea7\u5546\u5bb6\u5360\u6bd4', u'0\u7ea7\u5546\u5bb6\u5360\u6bd4', u'\u534e\u5317\u5546\u5bb6\u5360\u6bd4', u'\u534e\u5357\u5546\u5bb6\u5360\u6bd4', u'\u534e\u4e1c\u5546\u5bb6\u5360\u6bd4', u'price', u'\u5e73\u5747dsr', u'\u82b1\u82b1\u5728\u7ebf\u7387', u'\u82b1\u82b1\u53ca\u65f6\u56de\u590d\u7387', u'\u82b1\u82b1\u9996\u6b21\u54cd\u5e94\u65f6\u95f4', u'\u53ca\u65f6\u53d1\u8d27\u7387', u'\u6709\u7406\u7531\u9000\u6b3e\u7387', u'\u9ec4\u91d1\u6a71\u7a97\u586b\u5145', u'\u6a71\u7a97\u586b\u5145\u7387', u'915\u6d3b\u52a8\u5927\u4fc3\u586b\u5145\u7387', u'\u63a8\u5e7f\u5546\u54c1\u586b\u5145\u7387', u'cpc\u7ade\u4ef7\u5355\u4ef7', u'cpc\u7ade\u4ef7gsp', u'\u6253\u6807\u65b0\u6b3e\u586b\u5145', u'cpc\u6253\u6807\u65b0\u6b3e\u586b\u5145', u'nocpc\u6253\u6807\u65b0\u6b3e\u586b\u5145', u'\u767d\u540d\u5355\u5e97\u94fa\u586b\u5145\u7387', u'CPC\u767d\u540d\u5355\u5e97\u94fa\u586b\u5145\u7387', u'NO CPC\u767d\u540d\u5355\u5e97\u94fa\u586b\u5145\u7387', u'CS\u586b\u5145\u7387', u'CPC CS\u586b\u5145\u7387', u'NO CPC CS\u586b\u5145\u7387', u'\u4f5c\u5f0a\u5546\u5bb6\u586b\u5145\u7387', u'\u597d\u5e97\u586b\u5145\u7387', u'CPC \u597d\u5e97\u586b\u5145\u7387', u'NO CPC \u597d\u5e97\u586b\u5145\u7387']
[u'\u5e97\u94fa\u5e73\u5747dsr', u'cpc\u5e97\u94fa\u5e73\u5747dsr', u'nocpc\u5e97\u94fa\u5e73\u5747dsr', u'\u5e97\u94fa\u5e73\u5747\u590d\u8d2d\u7387', u'\u5e97\u94fa\u9ad8dsr\u8986\u76d6', u'\u94fa\u9ad8\u590d\u8d2d\u7387\u8986\u76d6', u'\u56fe\u72474\u5206', u'\u56fe\u72473\u5206', u'\u6b3e\u5f0f4\u5206', u'\u6b3e\u5f0f3\u5206', u'\u5e73\u5747\u4e0a\u67b6\u65f6\u95f4', u'\u65b0\u54c1\u7387', u'ecpm', u'\u5e73\u5747\u70ed\u9500\u5206', u'\u70ed\u9500\u5546\u54c1\u5360\u6bd4', u'\u5e73\u5747ctr', u'ka\u586b\u5145', u'5\u7ea7\u5546\u5bb6\u5360\u6bd4', u'4\u7ea7\u5546\u5bb6\u5360\u6bd4', u'3\u7ea7\u5546\u5bb6\u5360\u6bd4', u'2\u7ea7\u5546\u5bb6\u5360\u6bd4', u'1\u7ea7\u5546\u5bb6\u5360\u6bd4', u'0\u7ea7\u5546\u5bb6\u5360\u6bd4', u'\u534e\u5317\u5546\u5bb6\u5360\u6bd4', u'\u534e\u5357\u5546\u5bb6\u5360\u6bd4', u'\u534e\u4e1c\u5546\u5bb6\u5360\u6bd4', u'price', u'\u5e73\u5747dsr', u'\u82b1\u82b1\u5728\u7ebf\u7387', u'\u82b1\u82b1\u53ca\u65f6\u56de\u590d\u7387', u'\u82b1\u82b1\u9996\u6b21\u54cd\u5e94\u65f6\u95f4', u'\u53ca\u65f6\u53d1\u8d27\u7387', u'\u6709\u7406\u7531\u9000\u6b3e\u7387', u'\u9ec4\u91d1\u6a71\u7a97\u586b\u5145', u'\u6a71\u7a97\u586b\u5145\u7387', u'915\u6d3b\u52a8\u5927\u4fc3\u586b\u5145\u7387', u'\u63a8\u5e7f\u5546\u54c1\u586b\u5145\u7387', u'cpc\u7ade\u4ef7\u5355\u4ef7', u'cpc\u7ade\u4ef7gsp', u'\u6253\u6807\u65b0\u6b3e\u586b\u5145', u'cpc\u6253\u6807\u65b0\u6b3e\u586b\u5145', u'nocpc\u6253\u6807\u65b0\u6b3e\u586b\u5145', u'\u767d\u540d\u5355\u5e97\u94fa\u586b\u5145\u7387', u'CPC\u767d\u540d\u5355\u5e97\u94fa\u586b\u5145\u7387', u'NO CPC\u767d\u540d\u5355\u5e97\u94fa\u586b\u5145\u7387', u'CS\u586b\u5145\u7387', u'CPC CS\u586b\u5145\u7387', u'NO CPC CS\u586b\u5145\u7387', u'\u4f5c\u5f0a\u5546\u5bb6\u586b\u5145\u7387', u'\u597d\u5e97\u586b\u5145\u7387', u'CPC \u597d\u5e97\u586b\u5145\u7387', u'NO CPC \u597d\u5e97\u586b\u5145\u7387']
kailianzhang@meilishuo.com

kailianzhang

20160111151731
20160111151731
goodslist-bj.meiliworks.com
80
程序开始运行2016-01-18 18:56:09.379532
命令sh /home/work/hongmingguo/effect_valuation/double_iport.sh goodslist-bj.meiliworks.com 80 poster_ranking_1 10 weight IP_cmd 20160118185607kailianzhan开始运行2016-01-18 18:56:09.380061
sh /home/work/hongmingguo/effect_valuation/double_iport.sh goodslist-bj.meiliworks.com 80 poster_ranking_1 10 weight IP_cmd 20160118185607kailianzhan
命令sh /home/work/hongmingguo/effect_valuation/double_iport.sh goodslist-bj.meiliworks.com 80 poster_ranking_1 10 weight PORT_cmd 20160118185607kailianzhan开始运行2016-01-18 18:56:09.382429
sh /home/work/hongmingguo/effect_valuation/double_iport.sh goodslist-bj.meiliworks.com 80 poster_ranking_1 10 weight PORT_cmd 20160118185607kailianzhan
命令sh /home/work/hongmingguo/effect_valuation/double_iport.sh goodslist-bj.meiliworks.com 80 poster_ranking_1 10 weight PORT_cmd 20160118185607kailianzhan结束运行2016-01-18 18:56:24.650723
命令sh /home/work/hongmingguo/effect_valuation/double_iport.sh goodslist-bj.meiliworks.com 80 poster_ranking_1 10 weight IP_cmd 20160118185607kailianzhan结束运行2016-01-18 18:56:24.772881
程序结束运行2016-01-18 18:56:24.773134
kailianzhang@meilishuo.com

kailianzhang

20160118191054
20160118191054
20160118191054
weight
http://10.8.20.18:8080/api/poster_statistics?page_num=1&ip=goodslist-bj.meiliworks.com&port=80&tests=poster_ranking_1&sort=weight
[u'\u5e97\u94fa\u5e73\u5747dsr', u'cpc\u5e97\u94fa\u5e73\u5747dsr', u'nocpc\u5e97\u94fa\u5e73\u5747dsr', u'\u5e97\u94fa\u5e73\u5747\u590d\u8d2d\u7387', u'\u5e97\u94fa\u9ad8dsr\u8986\u76d6', u'\u94fa\u9ad8\u590d\u8d2d\u7387\u8986\u76d6', u'\u56fe\u72474\u5206', u'\u56fe\u72473\u5206', u'\u6b3e\u5f0f4\u5206', u'\u6b3e\u5f0f3\u5206', u'\u5e73\u5747\u4e0a\u67b6\u65f6\u95f4', u'\u65b0\u54c1\u7387', u'ecpm', u'\u5e73\u5747\u70ed\u9500\u5206', u'\u70ed\u9500\u5546\u54c1\u5360\u6bd4', u'\u5e73\u5747ctr', u'ka\u586b\u5145', u'5\u7ea7\u5546\u5bb6\u5360\u6bd4', u'4\u7ea7\u5546\u5bb6\u5360\u6bd4', u'3\u7ea7\u5546\u5bb6\u5360\u6bd4', u'2\u7ea7\u5546\u5bb6\u5360\u6bd4', u'1\u7ea7\u5546\u5bb6\u5360\u6bd4', u'0\u7ea7\u5546\u5bb6\u5360\u6bd4', u'\u534e\u5317\u5546\u5bb6\u5360\u6bd4', u'\u534e\u5357\u5546\u5bb6\u5360\u6bd4', u'\u534e\u4e1c\u5546\u5bb6\u5360\u6bd4', u'price', u'\u5e73\u5747dsr', u'\u82b1\u82b1\u5728\u7ebf\u7387', u'\u82b1\u82b1\u53ca\u65f6\u56de\u590d\u7387', u'\u82b1\u82b1\u9996\u6b21\u54cd\u5e94\u65f6\u95f4', u'\u53ca\u65f6\u53d1\u8d27\u7387', u'\u6709\u7406\u7531\u9000\u6b3e\u7387', u'\u9ec4\u91d1\u6a71\u7a97\u586b\u5145', u'\u6a71\u7a97\u586b\u5145\u7387', u'915\u6d3b\u52a8\u5927\u4fc3\u586b\u5145\u7387', u'\u63a8\u5e7f\u5546\u54c1\u586b\u5145\u7387', u'cpc\u7ade\u4ef7\u5355\u4ef7', u'cpc\u7ade\u4ef7gsp', u'\u6253\u6807\u65b0\u6b3e\u586b\u5145', u'cpc\u6253\u6807\u65b0\u6b3e\u586b\u5145', u'nocpc\u6253\u6807\u65b0\u6b3e\u586b\u5145', u'\u767d\u540d\u5355\u5e97\u94fa\u586b\u5145\u7387', u'CPC\u767d\u540d\u5355\u5e97\u94fa\u586b\u5145\u7387', u'NO CPC\u767d\u540d\u5355\u5e97\u94fa\u586b\u5145\u7387', u'CS\u586b\u5145\u7387', u'CPC CS\u586b\u5145\u7387', u'NO CPC CS\u586b\u5145\u7387', u'\u4f5c\u5f0a\u5546\u5bb6\u586b\u5145\u7387', u'\u597d\u5e97\u586b\u5145\u7387', u'CPC \u597d\u5e97\u586b\u5145\u7387', u'NO CPC \u597d\u5e97\u586b\u5145\u7387']
[u'\u5e97\u94fa\u5e73\u5747dsr', u'cpc\u5e97\u94fa\u5e73\u5747dsr', u'nocpc\u5e97\u94fa\u5e73\u5747dsr', u'\u5e97\u94fa\u5e73\u5747\u590d\u8d2d\u7387', u'\u5e97\u94fa\u9ad8dsr\u8986\u76d6', u'\u94fa\u9ad8\u590d\u8d2d\u7387\u8986\u76d6', u'\u56fe\u72474\u5206', u'\u56fe\u72473\u5206', u'\u6b3e\u5f0f4\u5206', u'\u6b3e\u5f0f3\u5206', u'\u5e73\u5747\u4e0a\u67b6\u65f6\u95f4', u'\u65b0\u54c1\u7387', u'ecpm', u'\u5e73\u5747\u70ed\u9500\u5206', u'\u70ed\u9500\u5546\u54c1\u5360\u6bd4', u'\u5e73\u5747ctr', u'ka\u586b\u5145', u'5\u7ea7\u5546\u5bb6\u5360\u6bd4', u'4\u7ea7\u5546\u5bb6\u5360\u6bd4', u'3\u7ea7\u5546\u5bb6\u5360\u6bd4', u'2\u7ea7\u5546\u5bb6\u5360\u6bd4', u'1\u7ea7\u5546\u5bb6\u5360\u6bd4', u'0\u7ea7\u5546\u5bb6\u5360\u6bd4', u'\u534e\u5317\u5546\u5bb6\u5360\u6bd4', u'\u534e\u5357\u5546\u5bb6\u5360\u6bd4', u'\u534e\u4e1c\u5546\u5bb6\u5360\u6bd4', u'price', u'\u5e73\u5747dsr', u'\u82b1\u82b1\u5728\u7ebf\u7387', u'\u82b1\u82b1\u53ca\u65f6\u56de\u590d\u7387', u'\u82b1\u82b1\u9996\u6b21\u54cd\u5e94\u65f6\u95f4', u'\u53ca\u65f6\u53d1\u8d27\u7387', u'\u6709\u7406\u7531\u9000\u6b3e\u7387', u'\u9ec4\u91d1\u6a71\u7a97\u586b\u5145', u'\u6a71\u7a97\u586b\u5145\u7387', u'915\u6d3b\u52a8\u5927\u4fc3\u586b\u5145\u7387', u'\u63a8\u5e7f\u5546\u54c1\u586b\u5145\u7387', u'cpc\u7ade\u4ef7\u5355\u4ef7', u'cpc\u7ade\u4ef7gsp', u'\u6253\u6807\u65b0\u6b3e\u586b\u5145', u'cpc\u6253\u6807\u65b0\u6b3e\u586b\u5145', u'nocpc\u6253\u6807\u65b0\u6b3e\u586b\u5145', u'\u767d\u540d\u5355\u5e97\u94fa\u586b\u5145\u7387', u'CPC\u767d\u540d\u5355\u5e97\u94fa\u586b\u5145\u7387', u'NO CPC\u767d\u540d\u5355\u5e97\u94fa\u586b\u5145\u7387', u'CS\u586b\u5145\u7387', u'CPC CS\u586b\u5145\u7387', u'NO CPC CS\u586b\u5145\u7387', u'\u4f5c\u5f0a\u5546\u5bb6\u586b\u5145\u7387', u'\u597d\u5e97\u586b\u5145\u7387', u'CPC \u597d\u5e97\u586b\u5145\u7387', u'NO CPC \u597d\u5e97\u586b\u5145\u7387']
20160118194542
weight
http://10.8.20.18:8080/api/poster_statistics?page_num=10&ip=goodslist-bj.meiliworks.com&port=80&tests=10.8.13.12:4157&sort=weight
[u'\u5e97\u94fa\u5e73\u5747dsr', u'cpc\u5e97\u94fa\u5e73\u5747dsr', u'nocpc\u5e97\u94fa\u5e73\u5747dsr', u'\u5e97\u94fa\u5e73\u5747\u590d\u8d2d\u7387', u'\u5e97\u94fa\u9ad8dsr\u8986\u76d6', u'\u94fa\u9ad8\u590d\u8d2d\u7387\u8986\u76d6', u'\u56fe\u72474\u5206', u'\u56fe\u72473\u5206', u'\u6b3e\u5f0f4\u5206', u'\u6b3e\u5f0f3\u5206', u'\u5e73\u5747\u4e0a\u67b6\u65f6\u95f4', u'\u65b0\u54c1\u7387', u'ecpm', u'\u5e73\u5747\u70ed\u9500\u5206', u'\u70ed\u9500\u5546\u54c1\u5360\u6bd4', u'\u5e73\u5747ctr', u'ka\u586b\u5145', u'5\u7ea7\u5546\u5bb6\u5360\u6bd4', u'4\u7ea7\u5546\u5bb6\u5360\u6bd4', u'3\u7ea7\u5546\u5bb6\u5360\u6bd4', u'2\u7ea7\u5546\u5bb6\u5360\u6bd4', u'1\u7ea7\u5546\u5bb6\u5360\u6bd4', u'0\u7ea7\u5546\u5bb6\u5360\u6bd4', u'\u534e\u5317\u5546\u5bb6\u5360\u6bd4', u'\u534e\u5357\u5546\u5bb6\u5360\u6bd4', u'\u534e\u4e1c\u5546\u5bb6\u5360\u6bd4', u'price', u'\u5e73\u5747dsr', u'\u82b1\u82b1\u5728\u7ebf\u7387', u'\u82b1\u82b1\u53ca\u65f6\u56de\u590d\u7387', u'\u82b1\u82b1\u9996\u6b21\u54cd\u5e94\u65f6\u95f4', u'\u53ca\u65f6\u53d1\u8d27\u7387', u'\u6709\u7406\u7531\u9000\u6b3e\u7387', u'\u9ec4\u91d1\u6a71\u7a97\u586b\u5145', u'\u6a71\u7a97\u586b\u5145\u7387', u'915\u6d3b\u52a8\u5927\u4fc3\u586b\u5145\u7387', u'\u63a8\u5e7f\u5546\u54c1\u586b\u5145\u7387', u'cpc\u7ade\u4ef7\u5355\u4ef7', u'cpc\u7ade\u4ef7gsp', u'\u6253\u6807\u65b0\u6b3e\u586b\u5145', u'cpc\u6253\u6807\u65b0\u6b3e\u586b\u5145', u'nocpc\u6253\u6807\u65b0\u6b3e\u586b\u5145', u'\u767d\u540d\u5355\u5e97\u94fa\u586b\u5145\u7387', u'CPC\u767d\u540d\u5355\u5e97\u94fa\u586b\u5145\u7387', u'NO CPC\u767d\u540d\u5355\u5e97\u94fa\u586b\u5145\u7387', u'CS\u586b\u5145\u7387', u'CPC CS\u586b\u5145\u7387', u'NO CPC CS\u586b\u5145\u7387', u'\u4f5c\u5f0a\u5546\u5bb6\u586b\u5145\u7387', u'\u597d\u5e97\u586b\u5145\u7387', u'CPC \u597d\u5e97\u586b\u5145\u7387', u'NO CPC \u597d\u5e97\u586b\u5145\u7387']
[u'\u5e97\u94fa\u5e73\u5747dsr', u'cpc\u5e97\u94fa\u5e73\u5747dsr', u'nocpc\u5e97\u94fa\u5e73\u5747dsr', u'\u5e97\u94fa\u5e73\u5747\u590d\u8d2d\u7387', u'\u5e97\u94fa\u9ad8dsr\u8986\u76d6', u'\u94fa\u9ad8\u590d\u8d2d\u7387\u8986\u76d6', u'\u56fe\u72474\u5206', u'\u56fe\u72473\u5206', u'\u6b3e\u5f0f4\u5206', u'\u6b3e\u5f0f3\u5206', u'\u5e73\u5747\u4e0a\u67b6\u65f6\u95f4', u'\u65b0\u54c1\u7387', u'ecpm', u'\u5e73\u5747\u70ed\u9500\u5206', u'\u70ed\u9500\u5546\u54c1\u5360\u6bd4', u'\u5e73\u5747ctr', u'ka\u586b\u5145', u'5\u7ea7\u5546\u5bb6\u5360\u6bd4', u'4\u7ea7\u5546\u5bb6\u5360\u6bd4', u'3\u7ea7\u5546\u5bb6\u5360\u6bd4', u'2\u7ea7\u5546\u5bb6\u5360\u6bd4', u'1\u7ea7\u5546\u5bb6\u5360\u6bd4', u'0\u7ea7\u5546\u5bb6\u5360\u6bd4', u'\u534e\u5317\u5546\u5bb6\u5360\u6bd4', u'\u534e\u5357\u5546\u5bb6\u5360\u6bd4', u'\u534e\u4e1c\u5546\u5bb6\u5360\u6bd4', u'price', u'\u5e73\u5747dsr', u'\u82b1\u82b1\u5728\u7ebf\u7387', u'\u82b1\u82b1\u53ca\u65f6\u56de\u590d\u7387', u'\u82b1\u20160118185351kailianzhan.html
20160118191421kailianzhan.html
20160118193816
weight
http://10.8.20.18:8080/api/poster_statistics?page_num=100&ip=goodslist-bj.meiliworks.com&port=80&tests=10.8.13.12:2017&sort=weight
[u'\u5e97\u94fa\u5e73\u5747dsr', u'cpc\u5e97\u94fa\u5e73\u5747dsr', u'nocpc\u5e97\u94fa\u5e73\u5747dsr', u'\u5e97\u94fa\u5e73\u5747\u590d\u8d2d\u7387', u'\u5e97\u94fa\u9ad8dsr\u8986\u76d6', u'\u94fa\u9ad8\u590d\u8d2d\u7387\u8986\u76d6', u'\u56fe\u72474\u5206', u'\u56fe\u72473\u5206', u'\u6b3e\u5f0f4\u5206', u'\u6b3e\u5f0f3\u5206', u'\u5e73\u5747\u4e0a\u67b6\u65f6\u95f4', u'\u65b0\u54c1\u7387', u'ecpm', u'\u5e73\u5747\u70ed\u9500\u5206', u'\u70ed\u9500\u5546\u54c1\u5360\u6bd4', u'\u5e73\u5747ctr', u'ka\u586b\u5145', u'5\u7ea7\u5546\u5bb6\u5360\u6bd4', u'4\u7ea7\u5546\u5bb6\u5360\u6bd4', u'3\u7ea7\u5546\u5bb6\u5360\u6bd4', u'2\u7ea7\u5546\u5bb6\u5360\u6bd4', u'1\u7ea7\u5546\u5bb6\u5360\u6bd4', u'0\u7ea7\u5546\u5bb6\u5360\u6bd4', u'\u534e\u5317\u5546\u5bb6\u5360\u6bd4', u'\u534e\u5357\u5546\u5bb6\u5360\u6bd4', u'\u534e\u4e1c\u5546\u5bb6\u5360\u6bd4', u'price', u'\u5e73\u5747dsr', u'\u82b1\u82b1\u5728\u7ebf\u7387', u'\u82b1\u82b1\u53ca\u65f6\u56de\u590d\u7387', u'\u82b1\u82b1\u9996\u6b21\u54cd\u5e94\u65f6\u95f4', u'\u53ca\u65f6\u53d1\u8d27\u7387', u'\u6709\u7406\u7531\u9000\u6b3e\u7387', u'\u9ec4\u91d1\u6a71\u7a97\u586b\u5145', u'\u6a71\u7a97\u586b\u5145\u7387', u'915\u6d3b\u52a8\u5927\u4fc3\u586b\u5145\u7387', u'\u63a8\u5e7f\u5546\u54c1\u586b\u5145\u7387', u'cpc\u7ade\u4ef7\u5355\u4ef7', u'cpc\u7ade\u4ef7gsp', u'\u6253\u6807\u65b0\u6b3e\u586b\u5145', u'cpc\u6253\u6807\u65b0\u6b3e\u586b\u5145', u'nocpc\u6253\u6807\u65b0\u6b3e\u586b\u5145', u'\u767d\u540d\u5355\u5e97\u94fa\u586b\u5145\u7387', u'CPC\u767d\u540d\u5355\u5e97\u94fa\u586b\u5145\u7387', u'NO CPC\u767d\u540d\u5355\u5e97\u94fa\u586b\u5145\u7387', u'CS\u586b\u5145\u7387', u'CPC CS\u586b\u5145\u7387', u'NO CPC CS\u586b\u5145\u7387', u'\u4f5c\u5f0a\u5546\u5bb6\u586b\u5145\u7387', u'\u597d\u5e97\u586b\u5145\u7387', u'CPC \u597d\u5e97\u586b\u5145\u7387', u'NO CPC \u597d\u5e97\u586b\u5145\u7387']
[u'\u5e97\u94fa\u5e73\u5747dsr', u'cpc\u5e97\u94fa\u5e73\u5747dsr', u'nocpc\u5e97\u94fa\u5e73\u5747dsr', u'\u5e97\u94fa\u5e73\u5747\u590d\u8d2d\u7387', u'\u5e97\u94fa\u9ad8dsr\u8986\u76d6', u'\u94fa\u9ad8\u590d\u8d2d\u7387\u8986\u76d6', u'\u56fe\u72474\u5206', u'\u56fe\u72473\u5206', u'\u6b3e\u5f0f4\u5206', u'\u6b3e\u5f0f3\u5206', u'\u5e73\u5747\u4e0a\u67b6\u65f6\u95f4', u'\u65b0\u54c1\u7387', u'ecpm', u'\u5e73\u5747\u70ed\u9500\u5206', u'\u70ed\u9500\u5546\u54c1\u5360\u6bd4', u'\u5e73\u5747ctr', u'ka\u586b\u5145', u'5\u7ea7\u5546\u5bb6\u5360\u6bd4', u'4\u7ea7\u5546\u5bb6\u5360\u6bd4', u'3\u7ea7\u5546\u5bb6\u5360\u6bd4', u'2\u7ea7\u5546\u5bb6\u5360\u6bd4', u'1\u7ea7\u5546\u5bb6\u5360\u6bd4', u'0\u7ea7\u5546\u5bb6\u5360\u6bd4', u'\u534e\u5317\u5546\u5bb6\u5360\u6bd4', u'\u534e\u5357\u5546\u5bb6\u5360\u6bd4', u'\u534e\u4e1c\u5546\u5bb6\u5360\u6bd4', u'price', u'\u5e73\u5747dsr', u'\u82b1\u82b1\u5728\u7ebf\u7387', u'\u82b1\u82b1\u53ca\u65f6\u56de\u590d\u7387', u'\u82b1\u82b1\u9996\u6b21\u54cd\u5e94\u65f6\u95f4', u'\u53ca\u65f6\u53d1\u8d27\u7387', u'\u6709\u7406\u7531\u9000\u6b3e\u7387', u'\u9ec4\u91d1\u6a71\u7a97\u586b\u5145', u'\u6a71\u7a97\u586b\u5145\u7387', u'915\u6d3b\u52a8\u5927\u4fc3\u586b\u5145\u7387', u'\u63a8\u5e7f\u5546\u54c1\u586b\u5145\u7387', u'cpc\u7ade\u4ef7\u5355\u4ef7', u'cpc\u7ade\u4ef7gsp', u'\u6253\u6807\u65b0\u6b3e\u586b\u5145', u'cpc\u6253\u6807\u65b0\u6b3e\u586b\u5145', u'nocpc\u6253\u6807\u65b0\u6b3e\u586b\u5145', u'\u767d\u540d\u5355\u5e97\u94fa\u586b\u5145\u7387', u'CPC\u767d\u540d\u5355\u5e97\u94fa\u586b\u5145\u7387', u'NO CPC\u767d\u540d\u5355\u5e97\u94fa\u586b\u5145\u7387', u'CS\u586b\u5145\u7387', u'CPC CS\u586b\u5145\u7387', u'NO CPC CS\u586b\u5145\u7387', u'\u4f5c\u5f0a\u5546\u5bb6\u586b\u5145\u7387', u'\u597d\u5e97\u586b\u5145\u7387', u'CPC \u597d\u5e97\u586b\u5145\u7387', u'NO CPC \u597d\u5e97\u586b\u5145\u7387']
20160118200040
weight
http://10.8.20.18:8080/api/poster_statistics?page_num=10&ip=goodslist-bj.meiliworks.com&port=80&tests=10.20160118185334
weight
http://10.8.20.18:8080/api/poster_statistics?page_num=1&ip=goodslist-bj.meiliworks.com&port=80&tests=poster_ranking_1&sort=weight
[u'\u5e97\u94fa\u5e73\u5747dsr', u'cpc\u5e97\u94fa\u5e73\u5747dsr', u'nocpc\u5e97\u94fa\u5e73\u5747dsr', u'\u5e97\u94fa\u5e73\u5747\u590d\u8d2d\u7387', u'\u5e97\u94fa\u9ad8dsr\u8986\u76d6', u'\u94fa\u9ad8\u590d\u8d2d\u7387\u8986\u76d6', u'\u56fe\u72474\u5206', u'\u56fe\u72473\u5206', u'\u6b3e\u5f0f4\u5206', u'\u6b3e\u5f0f3\u5206', u'\u5e73\u5747\u4e0a\u67b6\u65f6\u95f4', u'\u65b0\u54c1\u7387', u'ecpm', u'\u5e73\u5747\u70ed\u9500\u5206', u'\u70ed\u9500\u5546\u54c1\u5360\u6bd4', u'\u5e73\u5747ctr', u'ka\u586b\u5145', u'5\u7ea7\u5546\u5bb6\u5360\u6bd4', u'4\u7ea7\u5546\u5bb6\u5360\u6bd4', u'3\u7ea7\u5546\u5bb6\u5360\u6bd4', u'2\u7ea7\u5546\u5bb6\u5360\u6bd4', u'1\u7ea7\u5546\u5bb6\u5360\u6bd4', u'0\u7ea7\u5546\u5bb6\u5360\u6bd4', u'\u534e\u5317\u5546\u5bb6\u5360\u6bd4', u'\u534e\u5357\u5546\u5bb6\u5360\u6bd4', u'\u534e\u4e1c\u5546\u5bb6\u5360\u6bd4', u'price', u'\u5e73\u5747dsr', u'\u82b1\u82b1\u5728\u7ebf\u7387', u'\u82b1\u82b1\u53ca\u65f6\u56de\u590d\u7387', u'\u82b1\u82b1\u9996\u6b21\u54cd\u5e94\u65f6\u95f4', u'\u53ca\u65f6\u53d1\u8d27\u7387', u'\u6709\u7406\u7531\u9000\u6b3e\u7387', u'\u9ec4\u91d1\u6a71\u7a97\u586b\u5145', u'\u6a71\u7a97\u586b\u5145\u7387', u'915\u6d3b\u52a8\u5927\u4fc3\u586b\u5145\u7387', u'\u63a8\u5e7f\u5546\u54c1\u586b\u5145\u7387', u'cpc\u7ade\u4ef7\u5355\u4ef7', u'cpc\u7ade\u4ef7gsp', u'\u6253\u6807\u65b0\u6b3e\u586b\u5145', u'cpc\u6253\u6807\u65b0\u6b3e\u586b\u5145', u'nocpc\u6253\u6807\u65b0\u6b3e\u586b\u5145', u'\u767d\u540d\u5355\u5e97\u94fa\u586b\u5145\u7387', u'CPC\u767d\u540d\u5355\u5e97\u94fa\u586b\u5145\u7387', u'NO CPC\u767d\u540d\u5355\u5e97\u94fa\u586b\u5145\u7387', u'CS\u586b\u5145\u7387', u'CPC CS\u586b\u5145\u7387', u'NO CPC CS\u586b\u5145\u7387', u'\u4f5c\u5f0a\u5546\u5bb6\u586b\u5145\u7387', u'\u597d\u5e97\u586b\u5145\u7387', u'CPC \u597d\u5e97\u586b\u5145\u7387', u'NO CPC \u597d\u5e97\u586b\u5145\u7387']
[u'\u5e97\u94fa\u5e73\u5747dsr', u'cpc\u5e97\u94fa\u5e73\u5747dsr', u'nocpc\u5e97\u94fa\u5e73\u5747dsr', u'\u5e97\u94fa\u5e73\u5747\u590d\u8d2d\u7387', u'\u5e97\u94fa\u9ad8dsr\u8986\u76d6', u'\u94fa\u9ad8\u590d\u8d2d\u7387\u8986\u76d6', u'\u56fe\u72474\u5206', u'\u56fe\u72473\u5206', u'\u6b3e\u5f0f4\u5206', u'\u6b3e\u5f0f3\u5206', u'\u5e73\u5747\u4e0a\u67b6\u65f6\u95f4', u'\u65b0\u54c1\u7387', u'ecpm', u'\u5e73\u5747\u70ed\u9500\u5206', u'\u70ed\u9500\u5546\u54c1\u5360\u6bd4', u'\u5e73\u5747ctr', u'ka\u586b\u5145', u'5\u7ea7\u5546\u5bb6\u5360\u6bd4', u'4\u7ea7\u5546\u5bb6\u5360\u6bd4', u'3\u7ea7\u5546\u5bb6\u5360\u6bd4', u'2\u7ea7\u5546\u5bb6\u5360\u6bd4', u'1\u7ea7\u5546\u5bb6\u5360\u6bd4', u'0\u7ea7\u5546\u5bb6\u5360\u6bd4', u'\u534e\u5317\u5546\u5bb6\u5360\u6bd4', u'\u534e\u5357\u5546\u5bb6\u5360\u6bd4', u'\u534e\u4e1c\u5546\u5bb6\u5360\u6bd4', u'price', u'\u5e73\u5747dsr', u'\u82b1\u82b1\u5728\u7ebf\u7387', u'\u82b1\u82b1\u53ca\u65f6\u56de\u590d\u7387', u'\u82b1\u82b1\u9996\u6b21\u54cd\u5e94\u65f6\u95f4', u'\u53ca\u65f6\u53d1\u8d27\u7387', u'\u6709\u7406\u7531\u9000\u6b3e\u7387', u'\u9ec4\u91d1\u6a71\u7a97\u586b\u5145', u'\u6a71\u7a97\u586b\u5145\u7387', u'915\u6d3b\u52a8\u5927\u4fc3\u586b\u5145\u7387', u'\u63a8\u5e7f\u5546\u54c1\u586b\u5145\u7387', u'cpc\u7ade\u4ef7\u5355\u4ef7', u'cpc\u7ade\u4ef7gsp', u'\u6253\u6807\u65b0\u6b3e\u586b\u5145', u'cpc\u6253\u6807\u65b0\u6b3e\u586b\u5145', u'nocpc\u6253\u6807\u65b0\u6b3e\u586b\u5145', u'\u767d\u540d\u5355\u5e97\u94fa\u586b\u5145\u7387', u'CPC\u767d\u540d\u5355\u5e97\u94fa\u586b\u5145\u7387', u'NO CPC\u767d\u540d\u5355\u5e97\u94fa\u586b\u5145\u7387', u'CS\u586b\u5145\u7387', u'CPC CS\u586b\u5145\u7387', u'NO CPC CS\u586b\u5145\u7387', u'\u4f5c\u5f0a\u5546\u5bb6\u586b\u5145\u7387', u'\u597d\u5e97\u586b\u5145\u7387', u'CPC \u597d\u5e97\u586b\u5145\u7387', u'NO CPC \u597d\u5e97\u586b\u5145\u7387']
20160118190620
weight
http://10.8.20.18:8080/api/poster_statistics?page_num=1&ip=goodslist-bj.meiliworks.com&port=80&tests=poster_ranking_1&sort=weight
17c0f4c87e75e0d7966253121dc41dc6b0.028kailianzhang@meilishuo.com

kailianzhang

20160118185334
20160118185334
20160118190620
weight
http://10.8.20.18:8080/api/poster_statistics?page_num=1&ip=goodslist-bj.meiliworks.com&port=80&tests=poster_ranking_1&sort=weight
[u'\u5e97\u94fa\u5e73\u5747dsr', u'cpc\u5e97\u94fa\u5e73\u5747dsr', u'nocpc\u5e97\u94fa\u5e73\u5747dsr', u'\u5e97\u94fa\u5e73\u5747\u590d\u8d2d\u7387', u'\u5e97\u94fa\u9ad8dsr\u8986\u76d6', u'\u94fa\u9ad8\u590d\u8d2d\u7387\u8986\u76d6', u'\u56fe\u72474\u5206', u'\u56fe\u72473\u5206', u'\u6b3e\u5f0f4\u5206', u'\u6b3e\u5f0f3\u5206', u'\u5e73\u5747\u4e0a\u67b6\u65f6\u95f4', u'\u65b0\u54c1\u7387', u'ecpm', u'\u5e73\u5747\u70ed\u9500\u5206', u'\u70ed\u9500\u5546\u54c1\u5360\u6bd4', u'\u5e73\u5747ctr', u'ka\u586b\u5145', u'5\u7ea7\u5546\u5bb6\u5360\u6bd4', u'4\u7ea7\u5546\u5bb6\u5360\u6bd4', u'3\u7ea7\u5546\u5bb6\u5360\u6bd4', u'2\u7ea7\u5546\u5bb6\u5360\u6bd4', u'1\u7ea7\u5546\u5bb6\u5360\u6bd4', u'0\u7ea7\u5546\u5bb6\u5360\u6bd4', u'\u534e\u5317\u5546\u5bb6\u5360\u6bd4', u'\u534e\u5357\u5546\u5bb6\u5360\u6bd4', u'\u534e\u4e1c\u5546\u5bb6\u5360\u6bd4', u'price', u'\u5e73\u5747dsr', u'\u82b1\u82b1\u5728\u7ebf\u7387', u'\u82b1\u82b1\u53ca\u65f6\u56de\u590d\u7387', u'\u82b1\u82b1\u9996\u6b21\u54cd\u5e94\u65f6\u95f4', u'\u53ca\u65f6\u53d1\u8d27\u7387', u'\u6709\u7406\u7531\u9000\u6b3e\u7387', u'\u9ec4\u91d1\u6a71\u7a97\u586b\u5145', u'\u6a71\u7a97\u586b\u5145\u7387', u'915\u6d3b\u52a8\u5927\u4fc3\u586b\u5145\u7387', u'\u63a8\u5e7f\u5546\u54c1\u586b\u5145\u7387', u'cpc\u7ade\u4ef7\u5355\u4ef7', u'cpc\u7ade\u4ef7gsp', u'\u6253\u6807\u65b0\u6b3e\u586b\u5145', u'cpc\u6253\u6807\u65b0\u6b3e\u586b\u5145', u'nocpc\u6253\u6807\u65b0\u6b3e\u586b\u5145', u'\u767d\u540d\u5355\u5e97\u94fa\u586b\u5145\u7387', u'CPC\u767d\u540d\u5355\u5e97\u94fa\u586b\u5145\u7387', u'NO CPC\u767d\u540d\u5355\u5e97\u94fa\u586b\u5145\u7387', u'CS\u586b\u5145\u7387', u'CPC CS\u586b\u5145\u7387', u'NO CPC CS\u586b\u5145\u7387', u'\u4f5c\u5f0a\u5546\u5bb6\u586b\u5145\u7387', u'\u597d\u5e97\u586b\u5145\u7387', u'CPC \u597d\u5e97\u586b\u5145\u7387', u'NO CPC \u597d\u5e97\u586b\u5145\u7387']
[u'\u5e97\u94fa\u5e73\u5747dsr', u'cpc\u5e97\u94fa\u5e73\u5747dsr', u'nocpc\u5e97\u94fa\u5e73\u5747dsr', u'\u5e97\u94fa\u5e73\u5747\u590d\u8d2d\u7387', u'\u5e97\u94fa\u9ad8dsr\u8986\u76d6', u'\u94fa\u9ad8\u590d\u8d2d\u7387\u8986\u76d6', u'\u56fe\u72474\u5206', u'\u56fe\u72473\u5206', u'\u6b3e\u5f0f4\u5206', u'\u6b3e\u5f0f3\u5206', u'\u5e73\u5747\u4e0a\u67b6\u65f6\u95f4', u'\u65b0\u54c1\u7387', u'ecpm', u'\u5e73\u5747\u70ed\u9500\u5206', u'\u70ed\u9500\u5546\u54c1\u5360\u6bd4', u'\u5e73\u5747ctr', u'ka\u586b\u5145', u'5\u7ea7\u5546\u5bb6\u5360\u6bd4', u'4\u7ea7\u5546\u5bb6\u5360\u6bd4', u'3\u7ea7\u5546\u5bb6\u5360\u6bd4', u'2\u7ea7\u5546\u5bb6\u5360\u6bd4', u'1\u7ea7\u5546\u5bb6\u5360\u6bd4', u'0\u7ea7\u5546\u5bb6\u5360\u6bd4', u'\u534e\u5317\u5546\u5bb6\u5360\u6bd4', u'\u534e\u5357\u5546\u5bb6\u5360\u6bd4', u'\u534e\u4e1c\u5546\u5bb6\u5360\u6bd4', u'price', u'\u5e73\u5747dsr', u'\u82b1\u82b1\u5728\u7ebf\u7387', u'\u82b1\u82b1\u53ca\u65f6\u56de\u590d\u7387', u'\u82b1\u82b1\u9996\u6b21\u54cd\u5e94\u65f6\u95f4', u'\u53ca\u65f6\u53d1\u8d27\u7387', u'\u6709\u7406\u7531\u9000\u6b3e\u7387', u'\u9ec4\u91d1\u6a71\u7a97\u586b\u5145', u'\u6a71\u7a97\u586b\u5145\u7387', u'915\u6d3b\u52a8\u5927\u4fc3\u586b\u5145\u7387', u'\u63a8\u5e7f\u5546\u54c1\u586b\u5145\u7387', u'cpc\u7ade\u4ef7\u5355\u4ef7', u'cpc\u7ade\u4ef7gsp', u'\u6253\u6807\u65b0\u6b3e\u586b\u5145', u'cpc\u6253\u6807\u65b0\u6b3e\u586b\u5145', u'nocpc\u6253\u6807\u65b0\u6b3e\u586b\u5145', u'\u767d\u540d\u5355\u5e97\u94fa\u586b\u5145\u7387', u'CPC\u767d\u540d\u5355\u5e97\u94fa\u586b\u5145\u7387', u'NO CPC\u767d\u540d\u5355\u5e97\u94fa\u586b\u5145\u7387', u'CS\u586b\u5145\u7387', u'CPC CS\u586b\u5145\u7387', u'NO CPC CS\u586b\u5145\u7387', u'\u4f5c\u5f0a\u5546\u5bb6\u586b\u5145\u7387', u'\u597d\u5e97\u586b\u5145\u7387', u'CPC \u597d\u5e97\u586b\u5145\u7387', u'NO CPC \u597d\u5e97\u586b\u5145\u7387']
程序开始运行2016-01-20 12:33:53.361976
命令sh /home/work/hongmingguo/effect_valuation/double_iport.sh goodsliskailianzhang@meilishuo.com

kailianzhang

20160118190230
20160118190230
20160118191054
weight
weight
111555d0cb98967df3cd103b615eeaa2d0.91927
kailianzhang@meilishuo.com

kailianzhang

20160118193816
20160118193816
kailianzhang@meilishuo.com

kailianzhang

20160119151623
20160119151623
kailianzhang@meilishuo.com

kailianzhang

20160120113537
20160120113537
20160121143033
weight
http://10.8.20.18:8080/api/poster_statistics?page_num=100&ip=goodslist-bj.meiliworks.com&port=80&tests=poster_ranking_1&sort=weight
[u'\u5e97\u94fa\u5e73\u5747dsr', u'cpc\u5e97\u94fa\u5e73\u5747dsr', u'nocpc\u5e97\u94fa\u5e73\u5747dsr', u'\u5e97\u94fa\u5e73\u5747\u590d\u8d2d\u7387', u'\u5e97\u94fa\u9ad8dsr\u8986\u76d6', u'\u94fa\u9ad8\u590d\u8d2d\u7387\u8986\u76d6', u'\u56fe\u72474\u5206', u'\u56fe\u72473\u5206', u'\u6b3e\u5f0f4\u5206', u'\u6b3e\u5f0f3\u5206', u'\u5e73\u5747\u4e0a\u67b6\u65f6\u95f4', u'\u65b0\u54c1\u7387', u'ecpm', u'\u5e73\u5747\u70ed\u9500\u5206', u'\u70ed\u9500\u5546\u54c1\u5360\u6bd4', u'\u5e73\u5747ctr', u'ka\u586b\u5145', u'5\u7ea7\u5546\u5bb6\u5360\u6bd4', u'4\u7ea7\u5546\u5bb6\u5360\u6bd4', u'3\u7ea7\u5546\u5bb6\u5360\u6bd4', u'2\u7ea7\u5546\u5bb6\u5360\u6bd4', u'1\u7ea7\u5546\u5bb6\u5360\u6bd4', u'0\u7ea7\u5546\u5bb6\u5360\u6bd4', u'\u534e\u5317\u5546\u5bb6\u5360\u6bd4', u'\u534e\u5357\u5546\u5bb6\u5360\u6bd4', u'\u534e\u4e1c\u5546\u5bb6\u5360\u6bd4', u'price', u'\u5e73\u5747dsr', u'\u82b1\u82b1\u5728\u7ebf\u7387', u'\u82b1\u82b1\u53ca\u65f6\u56de\u590d\u7387', u'\u82b1\u82b1\u9996\u6b21\u54cd\u5e94\u65f6\u95f4', u'\u53ca\u65f6\u53d1\u8d27\u7387', u'\u6709\u7406\u7531\u9000\u6b3e\u7387', u'\u9ec4\u91d1\u6a71\u7a97\u586b\u5145', u'\u6a71\u7a97\u586b\u5145\u7387', u'915\u6d3b\u52a8\u5927\u4fc3\u586b\u5145\u7387', u'\u63a8\u5e7f\u5546\u54c1\u586b\u5145\u7387', u'cpc\u7ade\u4ef7\u5355\u4ef7', u'cpc\u7ade\u4ef7gsp', u'\u6253\u6807\u65b0\u6b3e\u586b\u5145', u'cpc\u6253\u6807\u65b0\u6b3e\u586b\u5145', u'nocpc\u6253\u6807\u65b0\u6b3e\u586b\u5145', u'\u767d\u540d\u5355\u5e97\u94fa\u586b\u5145\u7387', u'CPC\u767d\u540d\u5355\u5e97\u94fa\u586b\u5145\u7387', u'NO CPC\u767d\u540d\u5355\u5e97\u94fa\u586b\u5145\u7387', u'CS\u586b\u5145\u7387', u'CPC CS\u586b\u5145\u7387', u'NO CPC CS\u586b\u5145\u7387', u'\u4f5c\u5f0a\u5546\u5bb6\u586b\u5145\u7387', u'\u597d\u5e97\u586b\u5145\u7387', u'CPC \u597d\u5e97\u586b\u5145\u7387', u'NO CPC \u597d\u5e97\u586b\u5145\u7387']
[u'\u5e97\u94fa\u5e73\u5747dsr', u'cpc\u5e97\u94fa\u5e73\u5747dsr', u'nocpc\u5e97\u94fa\u5e73\u5747dsr', u'\u5e97\u94fa\u5e73\u5747\u590d\u8d2d\u7387', u'\u5e97\u94fa\u9ad8dsr\u8986\u76d6', u'\u94fa\u9ad8\u590d\u8d2d\u7387\u8986\u76d6', u'\u56fe\u72474\u5206', u'\u56fe\u72473\u5206', u'\u6b3e\u5f0f4\u5206', u'\u6b3e\u5f0f3\u5206', u'\u5e73\u5747\u4e0a\u67b6\u65f6\u95f4', u'\u65b0\u54c1\u7387', u'ecpm', u'\u5e73\u5747\u70ed\u9500\u5206', u'\u70ed\u9500\u5546\u54c1\u5360\u6bd4', u'\u5e73\u5747ctr', u'ka\u586b\u5145', u'5\u7ea7\u5546\u5bb6\u5360\u6bd4', u'4\u7ea7\u5546\u5bb6\u5360\u6bd4', u'3\u7ea7\u5546\u5bb6\u5360\u6bd4', u'2\u7ea7\u5546\u5bb6\u5360\u6bd4', u'1\u7ea7\u5546\u5bb6\u5360\u6bd4', u'0\u7ea7\u5546\u5bb6\u5360\u6bd4', u'\u534e\u5317\u5546\u5bb6\u5360\u6bd4', u'\u534e\u5357\u5546\u5bb6\u5360\u6bd4', u'\u534e\u4e1c\u5546\u5bb6\u5360\u6bd4', u'price', u'\u5e73\u5747dsr', u'\u82b1\u82b1\u5728\u7ebf\u7387', u'\u82b1\u82b1\u53ca\u65f6\u56de\u590d\u7387', u'\u82b1\u82b1\u9996\u6b21\u54cd\u5e94\u65f6\u95f4', u'\u53ca\u65f6\u53d1\u8d27\u7387', u'\u6709\u7406\u7531\u9000\u6b3e\u7387', u'\u9ec4\u91d1\u6a71\u7a97\u586b\u5145', u'\u6a71\u7a97\u586b\u5145\u7387', u'915\u6d3b\u52a8\u5927\u4fc3\u586b\u5145\u7387', u'\u63a8\u5e7f\u5546\u54c1\u586b\u5145\u7387', u'cpc\u7ade\u4ef7\u5355\u4ef7', u'cpc\u7ade\u4ef7gsp', u'\u6253\u6807\u65b0\u6b3e\u586b\u5145', u'cpc\u6253\u6807\u65b0\u6b3e\u586b\u5145', u'nocpc\u6253\u6807\u65b0\u6b3e\u586b\u5145', u'\u767d\u540d\u5355\u5e97\u94fa\u586b\u5145\u7387', u'CPC\u767d\u540d\u5355\u5e97\u94fa\u586b\u5145\u7387', u'NO CPC\u767d\u540d\u5355\u5e97\u94fa\u586b\u5145\u7387', u'CS\u586b\u5145\u7387', u'CPC CS\u586b\u5145\u7387', u'NO CPC CS\u586b\u5145\ukailianzhang@meilishuo.com

kailianzhang

20160119121723
20160119121723
15a80b3b5ebf10765ad34bf8e40072f040.55320
kailianzhang@meilishuo.com

kailianzhang

20160121142757
20160121142757
程序开始运行2016-01-25 12:15:50.322616
命令sh /home/work/hongmingguo/effect_valuation/double_iport.sh goodslist-bj.meiliworks.com 80 poster_ranking_1 1 weight IP_cmd 20160125121536kailianzhan开始运行2016-01-25 12:15:50.323182
sh /home/work/hongmingguo/effect_valuation/double_iport.sh goodslist-bj.meiliworks.com 80 poster_ranking_1 1 weight IP_cmd 20160125121536kailianzhan
命令sh /home/work/hongmingguo/effect_valuation/double_iport.sh goodslist-bj.meiliworks.com 80 poster_ranking_1 1 weight PORT_cmd 20160125121536kailianzhan开始运行2016-01-25 12:15:50.325698
sh /home/work/hongmingguo/effect_valuation/double_iport.sh goodslist-bj.meiliworks.com 80 poster_ranking_1 1 weight PORT_cmd 20160125121536kailianzhan
命令sh /home/work/hongmingguo/effect_valuation/double_iport.sh goodslist-bj.meiliworks.com 80 poster_ranking_1 1 weight IP_cmd 20160125121536kailianzhan结束运行2016-01-25 12:15:51.799794
命令sh /home/work/hongmingguo/effect_valuation/double_iport.sh goodslist-bj.meiliworks.com 80 poster_ranking_1 1 weight PORT_cmd 20160125121536kailianzhan结束运行2016-01-25 12:15:51.872422
程序结束运行2016-01-25 12:15:51.872646
20160125151552
weight
http://10.8.20.18:8080/api/poster_statistics?page_num=100&ip=goodslist-bj.meiliworks.com&port=80&tests=poster_ranking_1&sort=weight
[u'\u5e97\u94fa\u5e73\u5747dsr', u'cpc\u5e97\u94fa\u5e73\u5747dsr', u'nocpc\u5e97\u94fa\u5e73\u5747dsr', u'\u5e97\u94fa\u5e73\u5747\u590d\u8d2d\u7387', u'\u5e97\u94fa\u9ad8dsr\u8986\u76d6', u'\u94fa\u9ad8\u590d\u8d2d\u7387\u8986\u76d6', u'\u56fe\u72474\u5206', u'\u56fe\u72473\u5206', u'\u6b3e\u5f0f4\u5206', u'\u6b3e\u5f0f3\u5206', u'\u5e73\u5747\u4e0a\u67b6\u65f6\u95f4', u'\u65b0\u54c1\u7387', u'ecpm', u'\u5e73\u5747\u70ed\u9500\u5206', u'\u70ed\u9500\u5546\u54c1\u5360\u6bd4', u'\u5e73\u5747ctr', u'ka\u586b\u5145', u'5\u7ea7\u5546\u5bb6\u5360\u6bd4', u'4\u7ea7\u5546\u5bb6\u5360\u6bd4', u'3\u7ea7\u5546\u5bb6\u5360\u6bd4', u'2\u7ea7\u5546\u5bb6\u5360\u6bd4', u'1\u7ea7\u5546\u5bb6\u5360\u6bd4', u'0\u7ea7\u5546\u5bb6\u5360\u6bd4', u'\u534e\u5317\u5546\u5bb6\u5360\u6bd4', u'\u534e\u5357\u5546\u5bb6\u5360\u6bd4', u'\u534e\u4e1c\u5546\u5bb6\u5360\u6bd4', u'price', u'\u5e73\u5747dsr', u'\u82b1\u82b1\u5728\u7ebf\u7387', u'\u82b1\u82b1\u53ca\u65f6\u56de\u590d\u7387', u'\u82b1\u82b1\u9996\u6b21\u54cd\u5e94\u65f6\u95f4', u'\u53ca\u65f6\u53d1\u8d27\u7387', u'\u6709\u7406\u7531\u9000\u6b3e\u7387', u'\u9ec4\u91d1\u6a71\u7a97\u586b\u5145', u'\u6a71\u7a97\u586b\u5145\u7387', u'915\u6d3b\u52a8\u5927\u4fc3\u586b\u5145\u7387', u'\u63a8\u5e7f\u5546\u54c1\u586b\u5145\u7387', u'cpc\u7ade\u4ef7\u5355\u4ef7', u'cpc\u7ade\u4ef7gsp', u'\u6253\u6807\u65b0\u6b3e\u586b\u5145', u'cpc\u6253\u6807\u65b0\u6b3e\u586b\u5145', u'nocpc\u6253\u6807\u65b0\u6b3e\u586b\u5145', u'\u767d\u540d\u5355\u5e97\u94fa\u586b\u5145\u7387', u'CPC\u767d\u540d\u5355\u5e97\u94fa\u586b\u5145\u7387', u'NO CPC\u767d\u540d\u5355\u5e97\u94fa\u586b\u5145\u7387', u'CS\u586b\u5145\u7387', u'CPC CS\u586b\u5145\u7387', u'NO CPC CS\u586b\u5145\u7387', u'\u4f5c\u5f0a\u5546\u5bb6\u586b\u5145\u7387', u'\u597d\u5e97\u586b\u5145\u7387', u'CPC \u597d\u5e97\u586b\u5145\u7387', u'NO CPC \u597d\u5e97\u586b\u5145\u7387']
[u'\u5e97\u94fa\u5e73\u5747dsr', u'cpc\u5e97\u94fa\u5e73\u5747dsr', u'nocpc\u5e97\u94fa\u5e73\u5747dsr', u'\u5e97\u94fa\u5e73\u5747\u590d\u8d2d\u7387', u'\u5e97\u94fa\u9ad8dsr\u8986\u76d6', u'\u94fa\u9ad8\u590d\u8d2d\u7387\u8986\u76d6', u'\u56fe\u72474\u5206', u'\u56fe\u72473\u5206', u'\u6b3e\u5f0f4\u5206', u'\u6b3e\u5f0f3\u5206', u'\u5e73\u5747\u4e0a\u67b6\u65f6\u95f4', u'\u65b0\u54c1\u7387', u'ecpm', u'\u5e73\u5747\u70ed\u9500\u5206', u'\u70ed\u9500\u5546\u54c1\u5360\u6bd4', u'\u5e73\u5747ctr', u'ka\u586b\u5145', u'5\u7ea7\u5546\u5bb6\u5360\u6bd4', u'4\u7ea7\u5546\u5bb6\u5360\u6bd4', u'3\u7ea7\u5546\u5bb6\u5360\u6bd4', u'2\u7ea7\u5546\u5bb6\u5360\u6bd4', u'1\u7ea7\u5546\u5bb6\u5360\u6bd4', u'0\u7ea7\u55kailianzhang@meilishuo.com

kailianzhang

20160119145606
20160119145606
20160120122552zhengguangzha.html
kailianzhang@meilishuo.com

kailianzhang

20160120152948
20160120152948
kailianzhang@meilishuo.com

kailianzhang

20160120192510
20160120192510
20160127183132
weight
http://10.8.20.18:8080/api/poster_statistics?page_num=10&ip=goodslist-bj.meiliworks.com&port=80&tests=poster_ranking_1&sort=weight
[u'\u5e97\u94fa\u5e73\u5747dsr', u'cpc\u5e97\u94fa\u5e73\u5747dsr', u'nocpc\u5e97\u94fa\u5e73\u5747dsr', u'\u5e97\u94fa\u5e73\u5747\u590d\u8d2d\u7387', u'\u5e97\u94fa\u9ad8dsr\u8986\u76d6', u'\u94fa\u9ad8\u590d\u8d2d\u7387\u8986\u76d6', u'\u56fe\u72474\u5206', u'\u56fe\u72473\u5206', u'\u6b3e\u5f0f4\u5206', u'\u6b3e\u5f0f3\u5206', u'\u5e73\u5747\u4e0a\u67b6\u65f6\u95f4', u'\u65b0\u54c1\u7387', u'ecpm', u'\u5e73\u5747\u70ed\u9500\u5206', u'\u70ed\u9500\u5546\u54c1\u5360\u6bd4', u'\u5e73\u5747ctr', u'ka\u586b\u5145', u'5\u7ea7\u5546\u5bb6\u5360\u6bd4', u'4\u7ea7\u5546\u5bb6\u5360\u6bd4', u'3\u7ea7\u5546\u5bb6\u5360\u6bd4', u'2\u7ea7\u5546\u5bb6\u5360\u6bd4', u'1\u7ea7\u5546\u5bb6\u5360\u6bd4', u'0\u7ea7\u5546\u5bb6\u5360\u6bd4', u'\u534e\u5317\u5546\u5bb6\u5360\u6bd4', u'\u534e\u5357\u5546\u5bb6\u5360\u6bd4', u'\u534e\u4e1c\u5546\u5bb6\u5360\u6bd4', u'price', u'\u5e73\u5747dsr', u'\u82b1\u82b1\u5728\u7ebf\u7387', u'\u82b1\u82b1\u53ca\u65f6\u56de\u590d\u7387', u'\u82b1\u82b1\u9996\u6b21\u54cd\u5e94\u65f6\u95f4', u'\u53ca\u65f6\u53d1\u8d27\u7387', u'\u6709\u7406\u7531\u9000\u6b3e\u7387', u'\u9ec4\u91d1\u6a71\u7a97\u586b\u5145', u'\u6a71\u7a97\u586b\u5145\u7387', u'915\u6d3b\u52a8\u5927\u4fc3\u586b\u5145\u7387', u'\u63a8\u5e7f\u5546\u54c1\u586b\u5145\u7387', u'cpc\u7ade\u4ef7\u5355\u4ef7', u'cpc\u7ade\u4ef7gsp', u'\u6253\u6807\u65b0\u6b3e\u586b\u5145', u'cpc\u6253\u6807\u65b0\u6b3e\u586b\u5145', u'nocpc\u6253\u6807\u65b0\u6b3e\u586b\u5145', u'\u767d\u540d\u5355\u5e97\u94fa\u586b\u5145\u7387', u'CPC\u767d\u540d\u5355\u5e97\u94fa\u586b\u5145\u7387', u'NO CPC\u767d\u540d\u5355\u5e97\u94fa\u586b\u5145\u7387', u'CS\u586b\u5145\u7387', u'CPC CS\u586b\u5145\u7387', u'NO CPC CS\u586b\u5145\u7387', u'\u4f5c\u5f0a\u5546\u5bb6\u586b\u5145\u7387', u'\u597d\u5e97\u586b\u5145\u7387', u'CPC \u597d\u5e97\u586b\u5145\u7387', u'NO CPC \u597d\u5e97\u586b\u5145\u7387']
[u'\u5e97\u94fa\u5e73\u5747dsr', u'cpc\u5e97\u94fa\u5e73\u5747dsr', u'nocpc\u5e97\u94fa\u5e73\u5747dsr', u'\u5e97\u94fa\u5e73\u5747\u590d\u8d2d\u7387', u'\u5e97\u94fa\u9ad8dsr\u8986\u76d6', u'\u94fa\u9ad8\u590d\u8d2d\u7387\u8986\u76d6', u'\u56fe\u72474\u5206', u'\u56fe\u72473\u5206', u'\u6b3e\u5f0f4\u5206', u'\u6b3e\u5f0f3\u5206', u'\u5e73\u5747\u4e0a\u67b6\u65f6\u95f4', u'\u65b0\u54c1\u7387', u'ecpm', u'\u5e73\u5747\u70ed\u9500\u5206', u'\u70ed\u9500\u5546\u54c1\u5360\u6bd4', u'\u5e73\u5747ctr', u'ka\u586b\u5145', u'5\u7ea7\u5546\u5bb6\u5360\u6bd4', u'4\u7ea7\u5546\u5bb6\u5360\u6bd4', u'3\u7ea7\u5546\u5bb6\u5360\u6bd4', u'2\u7ea7\u5546\u5bb6\u5360\u6bd4', u'1\u7ea7\u5546\u5bb6\u5360\u6bd4', u'0\u7ea7\u5546\u5bb6\u5360\u6bd4', u'\u534e\u5317\u5546\u5bb6\u5360\u6bd4', u'\u534e\u5357\u5546\u5bb6\u5360\u6bd4', u'\u534e\u4e1c\u5546\u5bb6\u5360\u6bd4', u'price', u'\u5e73\u5747dsr', u'\u82b1\u82b1\u5728\u7ebf\u7387', u'\u82b1\u82b1\u53ca\u65f6\u56de\u590d\u7387', u'\u82b1\u82b1\u9996\u6b21\u54cd\u5e94\u65f6\u95f4', u'\u53ca\u65f6\u53d1\u8d27\u7387', u'\u6709\u7406\u7531\u9000\u6b3e\u7387', u'\u9ec4\u91d1\u6a71\u7a97\u586b\u5145', u'\u6a71\u7a97\u586b\u5145\u7387', u'915\u6d3b\u52a8\u5927\u4fc3\u586b\u5145\u7387', u'\u63a8\u5e7f\u5546\u54c1\u586b\u5145\u7387', u'cpc\u7ade\u4ef7\u5355\u4ef7', u'cpc\u7ade\u4ef7gsp', u'\u6253\u6807\u65b0\u6b3e\u586b\u5145', u'cpc\u6253\u6807\u65b0\u6b3e\u586b\u5145', u'nocpc\u6253\u6807\u65b0\u6b3e\u586b\u5145', u'\u767d\u540d\u5355\u5e97\u94fa\u586b\u5145\u7387', u'CPC\u767d\u540d\u5355\u5e97\u94fa\u586b\u5145\u7387', u'NO CPC\u767d\u540d\u5355\u5e97\u94fa\u586b\u5145\u7387', u'CS\u586b\u5145\u7387', u'CPC CS\u586b\u5145\u7387', u'NO CPC CS\u586b\u5145\u7387', u'\u4f5c\u5f0a\u5546\u5bb6\u586b\u5145\u7387', u'\u597d\u5e97\u586b\u5145\u7387', u'CPC \u597d\u5e97\u58.13.12:3027&sort=weight
[u'\u5e97\u94fa\u5e73\u5747dsr', u'cpc\u5e97\u94fa\u5e73\u5747dsr', u'nocpc\u5e97\u94fa\u5e73\u5747dsr', u'\u5e97\u94fa\u5e73\u5747\u590d\u8d2d\u7387', u'\u5e97\u94fa\u9ad8dsr\u8986\u76d6', u'\u94fa\u9ad8\u590d\u8d2d\u7387\u8986\u76d6', u'\u56fe\u72474\u5206', u'\u56fe\u72473\u5206', u'\u6b3e\u5f0f4\u5206', u'\u6b3e\u5f0f3\u5206', u'\u5e73\u5747\u4e0a\u67b6\u65f6\u95f4', u'\u65b0\u54c1\u7387', u'ecpm', u'\u5e73\u5747\u70ed\u9500\u5206', u'\u70ed\u9500\u5546\u54c1\u5360\u6bd4', u'\u5e73\u5747ctr', u'ka\u586b\u5145', u'5\u7ea7\u5546\u5bb6\u5360\u6bd4', u'4\u7ea7\u5546\u5bb6\u5360\u6bd4', u'3\u7ea7\u5546\u5bb6\u5360\u6bd4', u'2\u7ea7\u5546\u5bb6\u5360\u6bd4', u'1\u7ea7\u5546\u5bb6\u5360\u6bd4', u'0\u7ea7\u5546\u5bb6\u5360\u6bd4', u'\u534e\u5317\u5546\u5bb6\u5360\u6bd4', u'\u534e\u5357\u5546\u5bb6\u5360\u6bd4', u'\u534e\u4e1c\u5546\u5bb6\u5360\u6bd4', u'price', u'\u5e73\u5747dsr', u'\u82b1\u82b1\u5728\u7ebf\u7387', u'\u82b1\u82b1\u53ca\u65f6\u56de\u590d\u7387', u'\u82b1\u82b1\u9996\u6b21\u54cd\u5e94\u65f6\u95f4', u'\u53ca\u65f6\u53d1\u8d27\u7387', u'\u6709\u7406\u7531\u9000\u6b3e\u7387', u'\u9ec4\u91d1\u6a71\u7a97\u586b\u5145', u'\u6a71\u7a97\u586b\u5145\u7387', u'915\u6d3b\u52a8\u5927\u4fc3\u586b\u5145\u7387', u'\u63a8\u5e7f\u5546\u54c1\u586b\u5145\u7387', u'cpc\u7ade\u4ef7\u5355\u4ef7', u'cpc\u7ade\u4ef7gsp', u'\u6253\u6807\u65b0\u6b3e\u586b\u5145', u'cpc\u6253\u6807\u65b0\u6b3e\u586b\u5145', u'nocpc\u6253\u6807\u65b0\u6b3e\u586b\u5145', u'\u767d\u540d\u5355\u5e97\u94fa\u586b\u5145\u7387', u'CPC\u767d\u540d\u5355\u5e97\u94fa\u586b\u5145\u7387', u'NO CPC\u767d\u540d\u5355\u5e97\u94fa\u586b\u5145\u7387', u'CS\u586b\u5145\u7387', u'CPC CS\u586b\u5145\u7387', u'NO CPC CS\u586b\u5145\u7387', u'\u4f5c\u5f0a\u5546\u5bb6\u586b\u5145\u7387', u'\u597d\u5e97\u586b\u5145\u7387', u'CPC \u597d\u5e97\u586b\u5145\u7387', u'NO CPC \u597d\u5e97\u586b\u5145\u7387']
[u'\u5e97\u94fa\u5e73\u5747dsr', u'cpc\u5e97\u94fa\u5e73\u5747dsr', u'nocpc\u5e97\u94fa\u5e73\u5747dsr', u'\u5e97\u94fa\u5e73\u5747\u590d\u8d2d\u7387', u'\u5e97\u94fa\u9ad8dsr\u8986\u76d6', u'\u94fa\u9ad8\u590d\u8d2d\u7387\u8986\u76d6', u'\u56fe\u72474\u5206', u'\u56fe\u72473\u5206', u'\u6b3e\u5f0f4\u5206', u'\u6b3e\u5f0f3\u5206', u'\u5e73\u5747\u4e0a\u67b6\u65f6\u95f4', u'\u65b0\u54c1\u7387', u'ecpm', u'\u5e73\u5747\u70ed\u9500\u5206', u'\u70ed\u9500\u5546\u54c1\u5360\u6bd4', u'\u5e73\u5747ctr', u'ka\u586b\u5145', u'5\u7ea7\u5546\u5bb6\u5360\u6bd4', u'4\u7ea7\u5546\u5bb6\u5360\u6bd4', u'3\u7ea7\u5546\u5bb6\u5360\u6bd4', u'2\u7ea7\u5546\u5bb6\u5360\u6bd4', u'1\u7ea7\u5546\u5bb6\u5360\u6bd4', u'0\u7ea7\u5546\u5bb6\u5360\u6bd4', u'\u534e\u5317\u5546\u5bb6\u5360\u6bd4', u'\u534e\u5357\u5546\u5bb6\u5360\u6bd4', u'\u534e\u4e1c\u5546\u5bb6\u5360\u6bd4', u'price', u'\u5e73\u5747dsr', u'\u82b1\u82b1\u5728\u7ebf\u7387', u'\u82b1\u82b1\u53ca\u65f6\u56de\u590d\u7387', u'\u82b1\u82b1\u9996\u6b21\u54cd\u5e94\u65f6\u95f4', u'\u53ca\u65f6\u53d1\u8d27\u7387', u'\u6709\u7406\u7531\u9000\u6b3e\u7387', u'\u9ec4\u91d1\u6a71\u7a97\u586b\u5145', u'\u6a71\u7a97\u586b\u5145\u7387', u'915\u6d3b\u52a8\u5927\u4fc3\u586b\u5145\u7387', u'\u63a8\u5e7f\u5546\u54c1\u586b\u5145\u7387', u'cpc\u7ade\u4ef7\u5355\u4ef7', u'cpc\u7ade\u4ef7gsp', u'\u6253\u6807\u65b0\u6b3e\u586b\u5145', u'cpc\u6253\u6807\u65b0\u6b3e\u586b\u5145', u'nocpc\u6253\u6807\u65b0\u6b3e\u586b\u5145', u'\u767d\u540d\u5355\u5e97\u94fa\u586b\u5145\u7387', u'CPC\u767d\u540d\u5355\u5e97\u94fa\u586b\u5145\u7387', u'NO CPC\u767d\u540d\u5355\u5e97\u94fa\u586b\u5145\u7387', u'CS\u586b\u5145\u7387', u'CPC CS\u586b\u5145\u7387', u'NO CPC CS\u586b\u5145\u7387', u'\u4f5c\u5f0a\u5546\u5bb6\u586b\u5145\u7387', u'\u597d\u5e97\u586b\u5145\u7387', u'CPC \u597d\u5e97\u586b\u5145\u7387', u'NO CPC \u597d\u5e97\u586b\u5145\u7387']
kailianzhang@meilishuo.com

kailianzhang

20160119175726
20160119175726
程序开始运行2016-01-28 14:18:31.021041
命令sh /home/work/hongmingguo/effect_valuation/double_iport.sh goodslist-bj.meiliworks.com 80 poster_ranking_6 50 weight IP_cmd 20160128141823kailianzhan开始运行2016-01-28 14:18:31.021628
sh /hokailianzhang@meilishuo.com

kailianzhang

20160214173106
20160214173106
data=true@meilishuo.com

data=true

20160215180030
20160215180030
程序开始运行2016-02-15 18:12:51.859761
命令sh /home/work/hongmingguo/effect_valuation/double_iport.sh goodslist-bj.meiliworks.com 80 poster_ranking_1 1 weight IP_cmd 20160215181248data=tru开始运行2016-02-15 18:12:51.860402
sh /home/work/hongmingguo/effect_valuation/double_iport.sh goodslist-bj.meiliworks.com 80 poster_ranking_1 1 weight IP_cmd 20160215181248data=tru
命令sh /home/work/hongmingguo/effect_valuation/double_iport.sh goodslist-bj.meiliworks.com 80 poster_ranking_1 1 weight PORT_cmd 20160215181248data=tru开始运行2016-02-15 18:12:51.862937
sh /home/work/hongmingguo/effect_valuation/double_iport.sh goodslist-bj.meiliworks.com 80 poster_ranking_1 1 weight PORT_cmd 20160215181248data=tru
命令sh /home/work/hongmingguo/effect_valuation/double_iport.sh goodslist-bj.meiliworks.com 80 poster_ranking_1 1 weight PORT_cmd 20160215181248data=tru结束运行2016-02-15 18:12:53.227955
命令sh /home/work/hongmingguo/effect_valuation/double_iport.sh goodslist-bj.meiliworks.com 80 poster_ranking_1 1 weight IP_cmd 20160215181248data=tru结束运行2016-02-15 18:12:53.276824
程序结束运行2016-02-15 18:12:53.277080
20160215180447data=tru.html
data=true@meilishuo.com

data=true

20160225093453
20160225093453
data=true@meilishuo.com

data=true

20160229102755
20160229102755
程序开始运行2016-02-29 12:29:57.806644
命令sh /home/work/hongmingguo/effect_valuation/double_iport.sh 10.8.18.12 3087 poster_ranking_1 100 weight IP_cmd 20160229122954data=tru开始运行2016-02-29 12:29:57.807111
sh /home/work/hongmingguo/effect_valuation/double_iport.sh 10.8.18.12 3087 poster_ranking_1 100 weight IP_cmd 20160229122954data=tru
命令sh /home/work/hongmingguo/effect_valuation/double_iport.sh 10.8.18.12 3087 poster_ranking_3 100 weight PORT_cmd 20160229122954data=tru开始运行2016-02-29 12:29:57.809873
sh /home/work/hongmingguo/effect_valuation/double_iport.sh 10.8.18.12 3087 poster_ranking_3 100 weight PORT_cmd 20160229122954data=tru
命令sh /home/work/hongmingguo/effect_valuation/double_iport.sh 10.8.18.12 3087 poster_ranking_1 100 weight IP_cmd 20160229122954data=tru结束运行2016-02-29 12:31:55.422289
命令sh /home/work/hongmingguo/effect_valuation/double_iport.sh 10.8.18.12 3087 poster_ranking_3 100 weight PORT_cmd 20160229122954data=tru结束运行2016-02-29 12:31:55.906125
程序结束运行2016-02-29 12:31:55.910763
20160229173531data=tru.html
程序开始运行2016-02-29 18:06:13.685723
命令sh /home/work/hongmingguo/effect_valuation/double_iport.sh 10.8.18.12 3087 poster_ranking_1 100 weight IP_cmd 20160229180528data=tru开始运行2016-02-29 18:06:13.686172
sh /home/work/hongmingguo/effect_valuation/double_iport.sh 10.8.18.12 3087 poster_ranking_1 100 weight IP_cmd 20160229180528data=tru
命令sh /home/work/hongmingguo/effect_valuation/double_iport.sh 10.8.18.12 3087 poster_ranking_3 100 weight PORT_cmd 20160229180528data=tru开始运行2016-02-29 18:06:13.688988
sh /home/work/hongmingguo/effect_valuation/double_iport.sh 10.8.18.12 3087 poster_ranking_3 100 weight PORT_cmd 20160229180528data=tru
命令sh /home/work/hongmingguo/effect_valuation/double_iport.sh 10.8.18.12 3087 poster_ranking_1 100 weight IP_cmd 20160229180528data=tru结束运行2016-02-29 18:08:57.034326
命令sh /home/work/hongmingguo/effect_valuation/double_iport.sh 10.8.18.12 3087 poster_ranking_3 100 weight PORT_cmd 20160229180528data=tru结束运行2016-02-29 18:08:57.239880
程序结束运行2016-02-29 18:08:57.240118
20160229180629data=tru.html
程序开始运行2016-02-29 18:18:45.264275
命令sh /home/work/hongmingguo/effect_valuation/double_iport.sh 10.8.18.12 3087 poster_ranking_1 100 weight IP_cmd 20160229181840data=tru开始运行2016-02-29 18:18:45.264715
sh /home/work/hongmingguo/effect_valuation/double_iport.sh 10.8.18.12 3087 poster_ranking_1 100 weight IP_cmd 20160229181840data=tru
命令sh /home/work/hongmingguo/effect_valuation/double_iport.sh 10.8.18.12 3087 poster_ranking_3 1程序开始运行2016-02-15 18:14:08.466674
命令sh /home/work/hongmingguo/effect_valuation/double_iport.sh goodslist-bj.meiliworks.com 80 poster_ranking_1 10 weight IP_cmd 20160215181301data=tru开始运行2016-02-15 18:14:08.467355
sh /home/work/hongmingguo/effect_valuation/double_iport.sh goodslist-bj.meiliworks.com 80 poster_ranking_1 10 weight IP_cmd 20160215181301data=tru
命令sh /home/work/hongmingguo/effect_valuation/double_iport.sh goodslist-bj.meiliworks.com 80 poster_ranking_1 10 weight PORT_cmd 20160215181301data=tru开始运行2016-02-15 18:14:08.470199
sh /home/work/hongmingguo/effect_valuation/double_iport.sh goodslist-bj.meiliworks.com 80 poster_ranking_1 10 weight PORT_cmd 20160215181301data=tru
命令sh /home/work/hongmingguo/effect_valuation/double_iport.sh goodslist-bj.meiliworks.com 80 poster_ranking_1 10 weight IP_cmd 20160215181301data=tru结束运行2016-02-15 18:14:23.573939
命令sh /home/work/hongmingguo/effect_valuation/double_iport.sh goodslist-bj.meiliworks.com 80 poster_ranking_1 10 weight PORT_cmd 20160215181301data=tru结束运行2016-02-15 18:14:23.662135
程序结束运行2016-02-15 18:14:23.662419
20160215181248data=tru.html
180f9e37e2d54df720722c6402959b4e40.92850
data=true@meilishuo.com

data=true

20160229120530
20160229120530
10.8.18.12
3087
程序开始运行2016-02-29 17:35:43.351695
命令sh /home/work/hongmingguo/effect_valuation/double_iport.sh 10.8.18.17 3020 poster_ranking_1 100 weight IP_cmd 20160229173531data=tru开始运行2016-02-29 17:35:43.352110
sh /home/work/hongmingguo/effect_valuation/double_iport.sh 10.8.18.17 3020 poster_ranking_1 100 weight IP_cmd 20160229173531data=tru
命令sh /home/work/hongmingguo/effect_valuation/double_iport.sh 10.8.18.17 3020 poster_ranking_3 100 weight PORT_cmd 20160229173531data=tru开始运行2016-02-29 17:35:43.355105
sh /home/work/hongmingguo/effect_valuation/double_iport.sh 10.8.18.17 3020 poster_ranking_3 100 weight PORT_cmd 20160229173531data=tru
命令sh /home/work/hongmingguo/effect_valuation/double_iport.sh 10.8.18.17 3020 poster_ranking_3 100 weight PORT_cmd 20160229173531data=tru结束运行2016-02-29 17:37:40.266467
命令sh /home/work/hongmingguo/effect_valuation/double_iport.sh 10.8.18.17 3020 poster_ranking_1 100 weight IP_cmd 20160229173531data=tru结束运行2016-02-29 17:37:41.578326
程序结束运行2016-02-29 17:37:41.578597
程序开始运行2016-02-29 18:06:20.133803
命令sh /home/work/hongmingguo/effect_valuation/double_iport.sh 10.8.18.12 3087 poster_ranking_1 100 weight IP_cmd 20160229180528data=tru开始运行2016-02-29 18:06:20.134228
sh /home/work/hongmingguo/effect_valuation/double_iport.sh 10.8.18.12 3087 poster_ranking_1 100 weight IP_cmd 20160229180528data=tru
命令sh /home/work/hongmingguo/effect_valuation/double_iport.sh 10.8.18.12 3087 poster_ranking_3 100 weight PORT_cmd 20160229180528data=tru开始运行2016-02-29 18:06:20.136613
sh /home/work/hongmingguo/effect_valuation/double_iport.sh 10.8.18.12 3087 poster_ranking_3 100 weight PORT_cmd 20160229180528data=tru
命令sh /home/work/hongmingguo/effect_valuation/double_iport.sh 10.8.18.12 3087 poster_ranking_3 100 weight PORT_cmd 20160229180528data=tru结束运行2016-02-29 18:09:03.231166
命令sh /home/work/hongmingguo/effect_valuation/double_iport.sh 10.8.18.12 3087 poster_ranking_1 100 weight IP_cmd 20160229180528data=tru结束运行2016-02-29 18:09:04.537011
程序结束运行2016-02-29 18:09:04.537322
程序开始运行2016-02-29 18:18:49.009743
命令sh /home/work/hongmingguo/effect_valuation/double_iport.sh 10.8.18.12 3087 poster_ranking_1 100 weight IP_cmd 20160229181847data=tru开始运行2016-02-29 18:18:49.010163
sh /home/work/hongmingguo/effect_valuation/double_iport.sh 10.8.18.12 3087 poster_ranking_1 100 weight IP_cmd 20160229181847data=tru
命令sh /home/work/hongmingguo/effect_valuation/double_iport.sh 10.8.18.12 3087 poster_ranking_4 100 weight PORT_cmd 20160229181847data=tru开始运行2016-02-29 18:18:49.012487
sh /home/work/hongmingguo/effect_valuation/double_iport.sh 10.8.18.12 3087 poster_ranking_4 100 weight PORT_cmd 20160data=true@meilishuo.com

data=true

20160216120350
20160216120350
data=true@meilishuo.com

data=true

20160217105103
20160217105103
程序开始运行2016-02-29 16:43:31.603492
命令sh /home/work/hongmingguo/effect_valuation/double_iport.sh 10.8.18.12 3087 poster_ranking_1 100 weight IP_cmd 20160229164311data=tru开始运行2016-02-29 16:43:31.604075
sh /home/work/hongmingguo/effect_valuation/double_iport.sh 10.8.18.12 3087 poster_ranking_1 100 weight IP_cmd 20160229164311data=tru
命令sh /home/work/hongmingguo/effect_valuation/double_iport.sh 10.8.18.12 3087 poster_ranking_3 100 weight PORT_cmd 20160229164311data=tru开始运行2016-02-29 16:43:31.606869
sh /home/work/hongmingguo/effect_valuation/double_iport.sh 10.8.18.12 3087 poster_ranking_3 100 weight PORT_cmd 20160229164311data=tru
命令sh /home/work/hongmingguo/effect_valuation/double_iport.sh 10.8.18.12 3087 poster_ranking_1 100 weight IP_cmd 20160229164311data=tru结束运行2016-02-29 16:45:33.356144
命令sh /home/work/hongmingguo/effect_valuation/double_iport.sh 10.8.18.12 3087 poster_ranking_3 100 weight PORT_cmd 20160229164311data=tru结束运行2016-02-29 16:45:33.375102
程序结束运行2016-02-29 16:45:33.375356
20160229181840data=tru.html
程序开始运行2016-03-03 12:43:17.222404
命令sh /home/work/hongmingguo/effect_valuation/double_iport.sh 10.8.18.12 3087 poster_ranking_1 100 weight IP_cmd 20160303124243开始运行2016-03-03 12:43:17.222875
sh /home/work/hongmingguo/effect_valuation/double_iport.sh 10.8.18.12 3087 poster_ranking_1 100 weight IP_cmd 20160303124243
命令sh /home/work/hongmingguo/effect_valuation/double_iport.sh 10.8.18.12 3087 poster_ranking_8 100 weight PORT_cmd 20160303124243开始运行2016-03-03 12:43:17.225551
sh /home/work/hongmingguo/effect_valuation/double_iport.sh 10.8.18.12 3087 poster_ranking_8 100 weight PORT_cmd 20160303124243
命令sh /home/work/hongmingguo/effect_valuation/double_iport.sh 10.8.18.12 3087 poster_ranking_8 100 weight PORT_cmd 20160303124243结束运行2016-03-03 12:43:44.002184
命令sh /home/work/hongmingguo/effect_valuation/double_iport.sh 10.8.18.12 3087 poster_ranking_1 100 weight IP_cmd 20160303124243结束运行2016-03-03 12:45:09.956896
程序结束运行2016-03-03 12:45:09.957349
data=true@meilishuo.com

data=true

20160216120241
20160216120241
data=true@meilishuo.com

data=true

20160225093457
20160225093457
goodslist-bj.meiliworks.com
80
data=true@meilishuo.com

data=true

20160302095650
20160302095650
20160303124243.html
kailianzhang@meilishuo.com

kailianzhang

20160214173107
20160214173107
data=true@meilishuo.com

data=true

20160222114706
20160222114706
20160229155742data=tru.html
data=true@meilishuo.com

data=true

20160229191040
20160229191040
goodslist-bj.meiliworks.com
80
10.8.18.12
3087
20160303134035.html
kailianzhang@meilishuo.com

kailianzhang

20160204120927
20160204120927
data=true@meilishuo.com

data=true

20160215175949
20160215175949
data=true@meilishuo.com

data=true

20160216120626
20160216120626
data=true@meilishuo.com

data=true

20160216163527
20160216163527
20160229122954data=tru.html
程序开始运行2016-02-29 15:46:11.956701
命令sh /home/work/hongmingguo/effect_valuation/double_iport.sh 10.8.18.12 3087 poster_ranking_1 100 weight IP_cmd 20160229154608data=tru开始运行2016-02-29 15:46:11.957371
sh /home/work/hongmingguo/effect_valuation/double_iport.sh 10.8.18.12 3087 poster_ranking_1 100 weight IP_cmd 20160229154608data=tru
命令sh /home/work/hongmingguo/effect_valuation/double_iport.sh 10.8.18.12 3087 poster_ranking_3 100 weight PORT_cmd 20160229154608data=tru开始运行2016-02-29 15:46:11.960005
sh /home/work/hongmingguo/effect_valuation/double_iport.sh 10.8.18.12 3087 poster_ranking_3 100 weight PORT_cmd 20160229154608data=tru
命令sh /home/work/hongmingguo/effect_valuation/double_iport.sh 10.8.18.12 3087 poster_ranking_3 100 weight PORT_cmd 20160229154608data=tru结束运行2016-02-29 15:48:03.752716
命令sh /home/work/hongmingguo/effect_valuation/double_iport.sh 10.8.18.12 3087 poster_ranking_1 100 weight IP_cmd 20160229154608data=tru结束运行2016-02-29 15:48:04.683116
程序结束运行2016-02-29 15:48:04.683402
data=true@meilishuo.com

data=true

20160229173750
20160229173750
程序开始运行2016-02-29 18:07:25.120705
命令sh /home/work/hongmingguo/effect_valuation/double_iport.sh 10.8.18.17 3020 poster_ranking_1 100 weight IP_cmd 20160229180629data=tru开始运行2016-02-29 18:07:25.121169
sh /home/work/hongmingguo/effect_valuation/double_iport.sh 10.8.18.17 3020 poster_ranking_1 100 weight IP_cmd 20160229180629data=tru
命令sh /home/work/hongmingguo/effect_valuation/double_iport.sh 10.8.18.17 3020 poster_ranking_3 100 weight PORT_cmd 20160229180629data=tru开始运行2016-02-29 18:07:25.123924
sh /home/work/hongmingguo/effect_valuation/double_iport.sh 10.8.18.17 3020 poster_ranking_3 100 weight PORT_cmd 20160229180629data=tru
命令sh /home/work/hongmingguo/effect_valuation/double_iport.sh 10.8.18.17 3020 poster_ranking_3 100 weight PORT_cmd 20160229180629data=tru结束运行2016-02-29 18:09:18.816088
命令sh /home/work/hongmingguo/effect_valuation/double_iport.sh 10.8.18.17 3020 poster_ranking_1 100 weight IP_cmd 20160229180629data=tru结束运行2016-02-29 18:09:19.142275
程序结束运行2016-02-29 18:09:19.142545
20160303134035.html
00 weight PORT_cmd 20160229181840data=tru开始运行2016-02-29 18:18:45.267156
sh /home/work/hongmingguo/effect_valuation/double_iport.sh 10.8.18.12 3087 poster_ranking_3 100 weight PORT_cmd 20160229181840data=tru
命令sh /home/work/hongmingguo/effect_valuation/double_iport.sh 10.8.18.12 3087 poster_ranking_3 100 weight PORT_cmd 20160229181840data=tru结束运行2016-02-29 18:21:15.826130
命令sh /home/work/hongmingguo/effect_valuation/double_iport.sh 10.8.18.12 3087 poster_ranking_1 100 weight IP_cmd 20160229181840data=tru结束运行2016-02-29 18:21:17.209981
程序结束运行2016-02-29 18:21:17.210272
20160229194707data=tru.html
20160229202604data=tru.html
data=true@meilishuo.com

data=true

20160215180103
20160215180103
goodslist-bj.meiliworks.com
80
data=true@meilishuo.com

data=true

20160216113552
20160216113552
data=true@meilishuo.com

data=true

20160216113846
20160216113846
10.8.18.12
3087
10.8.18.12
3087
20160229154608data=tru.html
10.8.18.17
3020
20160229173531data=tru.html
程序开始运行2016-02-29 19:47:43.784284
命令sh /home/work/hongmingguo/effect_valuation/double_iport.sh goodslist-bj.meiliworks.com 80 poster_ranking_1 100 weight IP_cmd 20160229194729data=tru开始运行2016-02-29 19:47:43.784846
sh /home/work/hongmingguo/effect_valuation/double_iport.sh goodslist-bj.meiliworks.com 80 poster_ranking_1 100 weight IP_cmd 20160229194729data=tru
命令sh /home/work/hongmingguo/effect_valuation/double_iport.sh goodslist-bj.meiliworks.com 80 poster_ranking_3 100 weight PORT_cmd 20160229194729data=tru开始运行2016-02-29 19:47:43.787207
sh /home/work/hongmingguo/effect_valuation/double_iport.sh goodslist-bj.meiliworks.com 80 poster_ranking_3 100 weight PORT_cmd 20160229194729data=tru
命令sh /home/work/hongmingguo/effect_valuation/double_iport.sh goodslist-bj.meiliworks.com 80 poster_ranking_1 100 weight IP_cmd 20160229194729data=tru结束运行2016-02-29 19:49:58.738955
命令sh /home/work/hongmingguo/effect_valuation/double_iport.sh goodslist-bj.meiliworks.com 80 poster_ranking_3 100 weight PORT_cmd 20160229194729data=tru结束运行2016-02-29 19:49:59.833305
程序结束运行2016-02-29 19:49:59.833548
data=true@meilishuo.com

data=true

20160303111849
20160303111849
20160303134035.html
goodslist-bj.meiliworks.com
80
程序开始运行2016-03-03 13:40:36.914605
命令sh /home/work/hongmingguo/effect_valuation/double_iport.sh 10.8.18.12 3087 poster_ranking_1 100 weight IP_cmd 20160303134035开始运行2016-03-03 13:40:36.915273
sh /home/work/hongmingguo/effect_valuation/double_iport.sh 10.8.18.12 3087 poster_ranking_1 100 weight IP_cmd 20160303134035
命令sh /home/work/hongmingguo/effect_valuation/double_iport.sh 10.8.18.12 3087 poster_ranking_8 100 weight PORT_cmd 20160303134035开始运行2016-03-03 13:40:36.917746
sh /home/work/hongmingguo/effect_valuation/double_iport.sh 10.8.18.12 3087 poster_ranking_8 100 weight PORT_cmd 20160303134035
命令sh /home/work/hongmingguo/effect_valuation/double_iport.sh 10.8.18.12 3087 poster_ranking_8 100 weight PORT_cmd 20160303134035结束运行2016-03-03 13:42:29.443151
命令sh /home/work/hongmingguo/effect_valuation/double_iport.sh 10.8.18.12 3087 poster_ranking_1 100 weight IP_cmd 20160303134035结束运行2016-03-03 13:42:31.452656
程序结束运行2016-03-03 13:42:31.453063
程序开始运行2016-02-15 18:11:42.861459
命令sh /home/work/hongmingguo/effect_valuation/double_iport.sh goodslist-bj.meiliworks.com 80 poster_ranking_1 1 weight IP_cmd 20160215181141data=tru开始运行2016-02-15 18:11:42.862087
sh /home/work/hongmingguo/effect_valuation/double_iport.sh goodslist-bj.meiliworks.com 80 poster_ranking_1 1 weight IP_cmd 20160215181141data=tru
命令sh /home/work/hongmingguo/effect_valuation/double_iport.sh goodslist-bj.meiliworks.com 80 poster_ranking_1 1 weight PORT_cmd 20160215181141data=tru开始运行2016-02-15 18:11:42.864634
sh /home/work/hongmingguo/effect_valuation/double_iport.sh goodslist-bj.meiliworks.com 80 poster_ranking_1 1 weight PORT_cmd 20160215181141data=tru
命令sh /home/work/hongmingguo/effect_valuation/double_iport.sh goodslist-bj.meiliworks.com 80 poster_ranking_1 1 weight IP_cmd 20160215181141data=tru结束运行2016-02-15 18:11:44.252035
命令sh /home/work/hongmingguo/effect_valuation/double_iport.sh goodslist-bj.meiliworks.com 80 poster_ranking_1 1 weight PORT_cmd 20160215181141data=tru结束运行2016-02-15 18:11:44.300475
程序结束运行2016-02-15 18:11:44.300784
20160215181248data=tru.html
20160215181301data=tru.html
data=true@meilishuo.com

data=true

20160216120226
20160216120226
data=true@meilishuo.com

data=true

20160216171324
20160216171324
data=true@meilishuo.com

data=true

20160224143337
20160224143337
20160229120533data=tru.html
20160229164311data=tru.html
20160229173545data=tru.html
程序开始运行2016-02-29 18:10:22.392235
命令sh /home/work/hongmingguo/effect_valuation/double_iport.sh 10.8.18.17 3020 poster_ranking_1 100 weight IP_cmd 20160229180925data=tru开始运行2016-02-29 18:10:22.392713
sh /home/work/hongmingguo/effect_valuation/double_iport.sh 10.8.18.17 3020 poster_ranking_1 100 weight IP_cmd 20160229180925data=tru
命令sh /home/work/hongmingguo/effect_valuation/double_iport.sh 10.8.18.17 3020 poster_ranking_4 100 weight PORT_cmd 20160229180925data=tru开始运行2016-02-29 18:10:22.395530
sh /home/work/hongmingguo/effect_valuation/double_iport.sh 10.8.18.17 3020 poster_ranking_4 100 weight PORT_cmd 20160229180925data=tru
命令sh /home/work/hongmingguo/effect_valuation/double_iport.sh 10.8.18.17 3020 poster_ranking_4 100 weight PORT_cmd 20160229180925data=tru结束运行2016-02-29 18:12:14.170422
命令sh /home/work/hongmingguo/effect_valuation/double_iport.sh 10.8.18.17 3020 poster_ranking_1 100 weight IP_cmd 20160229180925data=tru结束运行2016-02-29 18:12:15.164888
程序结束运行2016-02-29 18:12:15.165155
kailianzhang@meilishuo.com

kailianzhang

20160205155651
20160205155651
data=true@meilishuo.com

data=true

20160215180058
20160215180058
20160215181301data=tru.html
data=true@meilishuo.com

data=true

20160216120124
20160216120124
data=true@meilishuo.com

data=true

20160222122456
20160222122456
data=true@meilishuo.com

data=true

20160224103224
20160224103224
程序开始运行2016-02-29 19:47:25.871812
命令sh /home/work/hongmingguo/effect_valuation/double_iport.sh goodslist-bj.meiliworks.com 80 poster_ranking_1 100 weight IP_cmd 20160229194707data=tru开始运行2016-02-29 19:47:25.872452
sh /home/work/hongmingguo/effect_valuation/double_iport.sh goodslist-bj.meiliworks.com 80 poster_ranking_1 100 weight IP_cmd 20160229194707data=tru
命令sh /home/work/hongmingguo/effect_valuation/double_iport.sh goodslist-bj.meiliworks.com 80 poster_ranking_4 100 weight PORT_cmd 20160229194707data=tru开始运行2016-02-29 19:47:25.875390
sh /home/work/hongmingguo/effect_valuation/double_iport.sh goodslist-bj.meiliworks.com 80 poster_ranking_4 100 weight PORT_cmd 20160229194707data=tru
命令sh /home/work/hongmingguo/effect_valuation/double_iport.sh goodslist-bj.meiliworks.com 80 poster_ranking_1 100 weight IP_cmd 20160229194707data=tru结束运行2016-02-29 19:49:40.939913
命令sh /home/work/hongmingguo/effect_valuation/double_iport.sh goodslist-bj.meiliworks.com 80 poster_ranking_4 100 weight PORT_cmd 20160229194707data=tru结束运行2016-02-29 19:49:41.183787
程序结束运行2016-02-29 19:49:41.184075
data=true@meilishuo.com

data=true

20160303142146
20160303142146
kailianzhang@meilishuo.com

kailianzhang

20160204121017
20160204121017
kailianzhang@meilishuo.com

kailianzhang

20160215100005
20160215100005
goodslist-bj.meiliworks.com
80
data=true@meilishuo.com

data=true

20160216111419
20160216111419
data=true@meilishuo.com

data=true

20160229094707
20160229094707
10.8.18.12
3087
程序开始运行2016-02-29 16:46:44.197125
命令sh /home/work/hongmingguo/effect_valuation/double_iport.sh 10.8.18.12 3087 poster_ranking_1 100 weight IP_cmd 20160229164642data=tru开始运行2016-02-29 16:46:44.197703
sh /home/work/hongmingguo/effect_valuation/double_iport.sh 10.8.18.12 3087 poster_ranking_1 100 weight IP_cmd 20160229164642data=tru
命令sh /home/work/hongmingguo/effect_valuation/double_iport.sh 10.8.18.12 3087 poster_ranking_4 100 weight PORT_cmd 20160229164642data=tru开始运行2016-02-29 16:46:44.200183
sh /home/work/hongmingguo/effect_valuation/double_iport.sh 10.8.18.12 3087 poster_ranking_4 100 weight PORT_cmd 20160229164642data=tru
命令sh /home/work/hongmingguo/effect_valuation/double_iport.sh 10.8.18.12 3087 poster_ranking_1 100 weight IP_cmd 20160229164642data=tru结束运行2016-02-29 16:48:40.329663
命令sh /home/work/hongmingguo/effect_valuation/double_iport.sh 10.8.18.12 3087 poster_ranking_4 100 weight PORT_cmd 20160229164642data=tru结束运行2016-02-29 16:48:41.439160
程序结束运行2016-02-29 16:48:41.439538
10.8.18.12
3087
程序开始运行2016-02-29 18:06:56.242583
命令sh /home/work/hongmingguo/effect_valuation/double_iport.sh 10.8.18.12 3087 poster_ranking_1 100 weight IP_cmd 20160229180629data=tru开始运行2016-02-29 18:06:56.243027
sh /home/work/hongmingguo/effect_valuation/double_iport.sh 10.8.18.12 3087 poster_ranking_1 100 weight IP_cmd 20160229180629data=tru
命令sh /home/work/hongmingguo/effect_valuation/double_iport.sh 10.8.18.12 3087 poster_ranking_4 100 weight PORT_cmd 20160229180629data=tru开始运行2016-02-29 18:06:56.245614
 sh /home/work/hongmingguo/effect_valuation/double_iport.sh 10.8.18.12 3087 poster_ranking_4 100 weight PORT_cmd 20160229180629data=tru
命令sh /home/work/hongmingguo/effect_valuation/double_iport.sh 10.8.18.12 3087 poster_ranking_4 100 weight PORT_cmd 20160229180629data=tru结束运行2016-02-29 18:09:43.080125
命令sh /home/work/hongmingguo/effect_valuation/double_iport.sh 10.8.18.12 3087 poster_ranking_1 100 weight IP_cmd 20160229180629data=tru结束运行2016-02-29 18:09:46.029642
程序结束运行2016-02-29 18:09:46.029936
20160229181847data=tru.html
data=true@meilishuo.com

data=true

20160302095845
20160302095845
data=true@meilishuo.com

data=true

20160303111932
20160303111932
data=true@meilishuo.com

data=true

20160216113659
20160216113659
data=true@meilishuo.com

data=true

20160222122506
20160222122506
程序开始运行2016-02-29 12:06:04.940149
命令sh /home/work/hongmingguo/effect_valuation/double_iport.sh 10.8.18.12 3087 poster_ranking_1 100 weight IP_cmd 20160229120533data=tru开始运行2016-02-29 12:06:04.940741
sh /home/work/hongmingguo/effect_valuation/double_iport.sh 10.8.18.12 3087 poster_ranking_1 100 weight IP_cmd 20160229120533data=tru
命令sh /home/work/hongmingguo/effect_valuation/double_iport.sh 10.8.18.12 3087 poster_ranking_3 100 weight PORT_cmd 20160229120533data=tru开始运行2016-02-29 12:06:04.943351
sh /home/work/hongmingguo/effect_valuation/double_iport.sh 10.8.18.12 3087 poster_ranking_3 100 weight PORT_cmd 20160229120533data=tru
命令sh /home/work/hongmingguo/effect_valuation/double_iport.sh 10.8.18.12 3087 poster_ranking_1 100 weight IP_cmd 20160229120533data=tru结束运行2016-02-29 12:08:05.171077
命令sh /home/work/hongmingguo/effect_valuation/double_iport.sh 10.8.18.12 3087 poster_ranking_3 100 weight PORT_cmd 20160229120533data=tru结束运行2016-02-29 12:08:05.260978
程序结束运行2016-02-29 12:08:05.261151
data=true@meilishuo.com

data=true

20160229151109
20160229151109
10.8.18.17
3020
10.8.18.12
3087
10.8.18.12
3087
10.8.18.12
3087
20160215181141data=tru.html
data=true@meilishuo.com

data=true

20160229094711
20160229094711
10.8.18.17
3020
程序开始运行2016-02-29 19:47:39.263301
命令sh /home/work/hongmingguo/effect_valuation/double_iport.sh goodslist-bj.meiliworks.com 80 poster_ranking_1 100 weight IP_cmd 20160229194729data=tru开始运行2016-02-29 19:47:39.263830
sh /home/work/hongmingguo/effect_valuation/double_iport.sh goodslist-bj.meiliworks.com 80 poster_ranking_1 100 weight IP_cmd 20160229194729data=tru
命令sh /home/work/hongmingguo/effect_valuation/double_iport.sh goodslist-bj.meiliworks.com 80 poster_ranking_3  weight PORT_cmd 20160229194729data=tru开始运行2016-02-29 19:47:39.266493
sh /home/work/hongmingguo/effect_valuation/double_iport.sh goodslist-bj.meiliworks.com 80 poster_ranking_3  weight PORT_cmd 20160229194729data=tru
命令sh /home/work/hongmingguo/effect_valuation/double_iport.sh goodslist-bj.meiliworks.com 80 poster_ranking_3  weight PORT_cmd 20160229194729data=tru结束运行2016-02-29 19:47:39.275677
命令sh /home/work/hongmingguo/effect_valuation/double_iport.sh goodslist-bj.meiliworks.com 80 poster_ranking_1 100 weight IP_cmd 20160229194729data=tru结束运行2016-02-29 19:49:55.232655
程序结束运行2016-02-29 19:49:55.232972
程序开始运行2016-03-03 12:23:54.472554
命令sh /home/work/hongmingguo/effect_valuation/double_iport.sh goodslist-bj.meiliworks.com 80 poster_ranking_1 100 weight IP_cmd 20160303122347data=tru开始运行2016-03-03 12:23:54.473028
sh /home/work/hongmingguo/effect_valuation/double_iport.sh goodslist-bj.meiliworks.com 80 poster_ranking_1 100 weight IP_cmd 20160303122347data=tru
命令sh /home/work/hongmingguo/effect_valuation/double_iport.sh goodslist-bj.meiliworks.com 80 poster_ranking_8 100 weight PORT_cmd 20160303122347data=tru开始运行2016-03-03 12:23:54.475426
sh /home/work/hongmingguo/effect_valuation/double_iport.sh goodslist-bj.meiliworks.com 80 poster_ranking_8 100 weight PORT_cmd 20160303122347data=tru
命令sh /home/work/hongmingguo/effect_valuation/double_iport.sh goodslist-bj.meiliworks.com 80 poster_ranking_8 100 weight PORT_cmd 20160303122347data=tru结束运行2016-03-03 12:26:15.535338
命令sh /home/work/hongmingguo/effect_valuation/double_iport.sh goodslist-bj.meiliworks.com 80 poster_ranking_1 100 weight IP_cmd 20160303122347data=tru结束运行2016-03-03 12:26:26.565883
程序结束运行2016-03-03 12:26:26.566327
20160303122404data=tru.html
goodslist-bj.meiliworks.com
80
20160107135213kailianzhan.html
10.8.18.12
3087
程序开始运行2016-02-29 17:35:56.263008
命令sh /home/work/hongmingguo/effect_valuation/double_iport.sh 10.8.18.17 3020 poster_ranking_1 100 weight IP_cmd 20160229173545data=tru开始运行2016-02-29 17:35:56.263590
sh /home/work/hongmingguo/effect_valuation/double_iport.sh 10.8.18.17 3020 poster_ranking_1 100 weight IP_cmd 20160229173545data=tru
命令sh /home/work/hongmingguo/effect_valuation/double_iport.sh 10.8.18.17 3020 poster_ranking_4 100 weight PORT_cmd 20160229173545data=tru开始运行2016-02-29 17:35:56.266050
sh /home/work/hongmingguo/effect_valuation/double_iport.sh 10.8.18.17 3020 poster_ranking_4 100 weight PORT_cmd 20160229173545data=tru
命令sh /home/work/hongmingguo/effect_valuation/double_iport.sh 10.8.18.17 3020 poster_ranking_4 100 weight PORT_cmd 20160229173545data=tru结束运行2016-02-29 17:37:54.528874
命令sh /home/work/hongmingguo/effect_valuation/double_iport.sh 10.8.18.17 3020 poster_ranking_1 100 weight IP_cmd 20160229173545data=tru结束运行2016-02-29 17:37:54.727308
程序结束运行2016-02-29 17:37:54.727572
goodslist-bj.meiliworks.com
80
data=true@meilishuo.com

data=true

20160303141934
20160303141934
kailianzhang@meilishuo.com

kailianzhang

20160205155655
20160205155655
javascript :;
data=true@meilishuo.com

data=true

20160217105054
20160217105054
data=true@meilishuo.com

data=true

20160222122440
20160222122440
data=true@meilishuo.com

data=true

20160229151109
20160229151109
10.8.18.12
3087
20160229165355data=tru.html
10.8.18.12
3087
程序开始运行2016-02-29 18:10:44.686694
命令sh /home/work/hongmingguo/effect_valuation/double_iport.sh 10.8.18.12 3087 poster_ranking_1 100 weight IP_cmd 20160229180925data=tru开始运行2016-02-29 18:10:44.687627
sh /home/work/hongmingguo/effect_valuation/double_iport.sh 10.8.18.12 3087 poster_ranking_1 100 weight IP_cmd 20160229180925data=tru
命令sh /home/work/hongmingguo/effect_valuation/double_iport.sh 10.8.18.12 3087 poster_ranking_3 100 weight PORT_cmd 20160229180925data=tru开始运行2016-02-29 18:10:44.690052
sh /home/work/hongmingguo/effect_valuation/double_iport.sh 10.8.18.12 3087 poster_ranking_3 100 weight PORT_cmd 20160229180925data=tru
命令sh /home/work/hongmingguo/effect_valuation/double_iport.sh 10.8.18.12 3087 poster_ranking_3 100 weight PORT_cmd 20160229180925data=tru结束运行2016-02-29 18:13:04.682533
命令sh /home/work/hongmingguo/effect_valuation/double_iport.sh 10.8.18.12 3087 poster_ranking_1 100 weight IP_cmd 20160229180925data=tru结束运行2016-02-29 18:13:07.028854
程序结束运行2016-02-29 18:13:07.029234
程序开始运行2016-02-15 18:05:00.390166
命令sh /home/work/hongmingguo/effect_valuation/double_iport.sh goodslist-bj.meiliworks.com 80 poster_ranking_1 1 weight IP_cmd 20160215180447data=tru开始运行2016-02-15 18:05:00.390697
sh /home/work/hongmingguo/effect_valuation/double_iport.sh goodslist-bj.meiliworks.com 80 poster_ranking_1 1 weight IP_cmd 20160215180447data=tru
命令sh /home/work/hongmingguo/effect_valuation/double_iport.sh goodslist-bj.meiliworks.com 80 poster_ranking_1 1 weight PORT_cmd 20160215180447data=tru开始运行2016-02-15 18:05:00.393341
sh /home/work/hongmingguo/effect_valuation/double_iport.sh goodslist-bj.meiliworks.com 80 poster_ranking_1 1 weight PORT_cmd 20160215180447data=tru
命令sh /home/work/hongmingguo/effect_valuation/double_iport.sh goodslist-bj.meiliworks.com 80 poster_ranking_1 1 weight PORT_cmd 20160215180447data=tru结束运行2016-02-15 18:05:03.791767
命令sh /home/work/hongmingguo/effect_valuation/double_iport.sh goodslist-bj.meiliworks.com 80 poster_ranking_1 1 weight IP_cmd 20160215180447data=tru结束运行2016-02-15 18:05:03.865326
程序结束运行2016-02-15 18:05:03.865584
20160215181141data=tru.html
data=true@meilishuo.com

data=true

20160216120747
20160216120747
20160229122954data=tru.html
10.8.18.12
3087
10.8.18.12
3087
20160229180925data=tru.html
goodslist-bj.meiliworks.com
80
data=true@meilishuo.com

data=true

20160302095853
20160302095853
程序开始运行2016-03-03 12:24:40.899156
命令sh /home/work/hongmingguo/effect_valuation/double_iport.sh 10.8.18.12 3087 poster_ranking_1 100 weight IP_cmd 20160303122404data=tru开始运行2016-03-03 12:24:40.899692
sh /home/work/hongmingguo/effect_valuation/double_iport.sh 10.8.18.12 3087 poster_ranking_1 100 weight IP_cmd 20160303122404data=tru
命令sh /home/work/hongmingguo/effect_valuation/double_iport.sh 10.8.18.12 3087 poster_ranking_4 100 weight PORT_cmd 20160303122404data=tru开始运行2016-03-03 12:24:40.902782
sh /home/work/hongmingguo/effect_valuation/double_iport.sh 10.8.18.12 3087 poster_ranking_4 100 weight PORT_cmd 20160303122404data=tru
命令sh /home/work/hongmingguo/effect_valuation/double_iport.sh 10.8.18.12 3087 poster_ranking_4 100 weight PORT_cmd 20160303122404data=tru结束运行2016-03-03 12:26:43.390087
命令sh /home/work/hongmingguo/effect_valuation/double_iport.sh 10.8.18.12 3087 poster_ranking_1 100 weight IP_cmd 20160303122404data=tru结束运行2016-03-03 12:26:43.408018
程序结束运行2016-03-03 12:26:43.408431
程序开始运行2016-03-03 12:34:49.508507
命令sh /home/work/hongmingguo/effect_valuation/double_iport.sh 10.8.18.12 3087 poster_ranking_1 100 weight IP_cmd 20160303123443data=tru开始运行2016-03-03 12:34:49.509018
sh /home/work/hongmingguo/effect_valuation/double_iport.sh 10.8.18.12 3087 poster_ranking_1 100 weight IP_cmd 20160303123443data=tru
命令sh /home/work/hongmingguo/effect_valuation/double_iport.sh 10.8.18.12 3087 poster_ranking_8 100 weight PORT_cmd 20160303123443data=tru开始运行2016-03-03 12:34:49.511674
sh /home/work/hongmingguo/effect_valuation/double_iport.sh 10.8.18.12 3087 poster_ranking_8 100 weight PORT_cmd 20160303123443data=tru
命令sh /home/work/hongmingguo/effect_valuation/double_iport.sh 10.8.18.12 3087 poster_ranking_8 100 weight PORT_cmd 20160303123443data=tru结束运行2016-03-03 12:34:50.215212
命令sh /home/work/hongmingguo/effect_valuation/double_iport.sh 10.8.18.12 3087 poster_ranking_1 100 weight IP_cmd 20160303123443data=tru结束运行2016-03-03 12:34:50.216996
程序结束运行2016-03-03 12:34:50.217293
20160303134035.html
20160215180447data=tru.html
javascript :;
data=true@meilishuo.com

data=true

20160216120744
20160216120744
程序开始运行2016-02-29 15:57:44.272858
命令sh /home/work/hongmingguo/effect_valuation/double_iport.sh 10.8.18.12 3087 poster_ranking_1 100 weight IP_cmd 20160229155742data=tru开始运行2016-02-29 15:57:44.273645
sh /home/work/hongmingguo/effect_valuation/double_iport.sh 10.8.18.12 3087 poster_ranking_1 100 weight IP_cmd 20160229155742data=tru
命令sh /home/work/hongmingguo/effect_valuation/double_iport.sh 10.8.18.12 3087 poster_ranking_3 100 weight PORT_cmd 20160229155742data=tru开始运行2016-02-29 15:57:44.276315
sh /home/work/hongmingguo/effect_valuation/double_iport.sh 10.8.18.12 3087 poster_ranking_3 100 weight PORT_cmd 20160229155742data=tru
命令sh /home/work/hongmingguo/effect_valuation/double_iport.sh 10.8.18.12 3087 poster_ranking_3 100 weight PORT_cmd 20160229155742data=tru结束运行2016-02-29 15:59:38.545764
命令sh /home/work/hongmingguo/effect_valuation/double_iport.sh 10.8.18.12 3087 poster_ranking_1 100 weight IP_cmd 20160229155742data=tru结束运行2016-02-29 15:59:39.588986
程序结束运行2016-02-29 15:59:39.589282
程序开始运行2016-02-29 16:44:14.921973
命令sh /home/work/hongmingguo/effect_valuation/double_iport.sh 10.8.18.12 3087 poster_ranking_1 100 weight IP_cmd 20160229164311data=tru开始运行2016-02-29 16:44:14.922454
sh /home/work/hongmingguo/effect_valuation/double_iport.sh 10.8.18.12 3087 poster_ranking_1 100 weight IP_cmd 20160229164311data=tru
命令sh /home/work/hongmingguo/effect_valuation/double_iport.sh 10.8.18.12 3087 poster_ranking_4 100 weight PORT_cmd 20160229164311data=tru开始运行2016-02-29 16:44:14.925546
sh /home/work/hongmingguo/effect_valuation/double_iport.sh 10.8.18.12 3087 poster_ranking_4 100 weight PORT_cmd 20160229164311data=tru
命令sh /home/work/hongmingguo/effect_valuation/double_iport.sh 10.8.18.12 3087 poster_ranking_1 100 weight IP_cmd 20160229164311data=tru结束运行2016-02-29 16:46:15.659825
命令sh /home/work/hongmingguo/effect_valuation/double_iport.sh 10.8.18.12 3087 poster_ranking_4 100 weight PORT_cmd 20160229164311data=tru结束运行2016-02-29 16:46:16.525138
程序结束运行2016-02-29 16:46:16.525840
10.8.18.17
3020
10.8.18.12
3087
10.8.18.17
3020
data=true@meilishuo.com

data=true

20160216111423
20160216111423
20160229164642data=tru.html
程序开始运行2016-02-29 18:07:27.189990
命令sh /home/work/hongmingguo/effect_valuation/double_iport.sh 10.8.18.17 3020 poster_ranking_1 100 weight IP_cmd 20160229180629data=tru开始运行2016-02-29 18:07:27.190563
sh /home/work/hongmingguo/effect_valuation/double_iport.sh 10.8.18.17 3020 poster_ranking_1 100 weight IP_cmd 20160229180629data=tru
命令sh /home/work/hongmingguo/effect_valuation/double_iport.sh 10.8.18.17 3020 poster_ranking_4 100 weight PORT_cmd 20160229180629data=tru开始运行2016-02-29 18:07:27.192967
sh /home/work/hongmingguo/effect_valuation/double_iport.sh 10.8.18.17 3020 poster_ranking_4 100 weight PORT_cmd 20160229180629data=tru
命令sh /home/work/hongmingguo/effect_valuation/double_iport.sh 10.8.18.17 3020 poster_ranking_4 100 weight PORT_cmd 20160229180629data=tru结束运行2016-02-29 18:09:21.255021
命令sh /home/work/hongmingguo/effect_valuation/double_iport.sh 10.8.18.17 3020 poster_ranking_1 100 weight IP_cmd 20160229180629data=tru结束运行2016-02-29 18:09:21.468316
程序结束运行2016-02-29 18:09:21.468583
10.8.18.12
3087
20160303134035.html
kailianzhang@meilishuo.com

kailianzhang

20160215165445
20160215165445
data=true@meilishuo.com

data=true

20160215175944
20160215175944
程序开始运行2016-02-29 16:55:53.738644
命令sh /home/work/hongmingguo/effect_valuation/double_iport.sh 10.8.18.12 3087 poster_ranking_1 100 weight IP_cmd 20160229165355data=tru开始运行2016-02-29 16:55:53.739221
sh /home/work/hongmingguo/effect_valuation/double_iport.sh 10.8.18.12 3087 poster_ranking_1 100 weight IP_cmd 20160229165355data=tru
命令sh /home/work/hongmingguo/effect_valuation/double_iport.sh 10.8.18.12 3087 poster_ranking_4 100 weight PORT_cmd 20160229165355data=tru开始运行2016-02-29 16:55:53.741759
sh /home/work/hongmingguo/effect_valuation/double_iport.sh 10.8.18.12 3087 poster_ranking_4 100 weight PORT_cmd 20160229165355data=tru
命令sh /home/work/hongmingguo/effect_valuation/double_iport.sh 10.8.18.12 3087 poster_ranking_4 100 weight PORT_cmd 20160229165355data=tru结束运行2016-02-29 16:57:51.057542
命令sh /home/work/hongmingguo/effect_valuation/double_iport.sh 10.8.18.12 3087 poster_ranking_1 100 weight IP_cmd 20160229165355data=tru结束运行2016-02-29 16:57:51.176030
程序结束运行2016-02-29 16:57:51.176400
10.8.18.12
3087
data=true@meilishuo.com

data=true

20160303112114
20160303112114
程序开始运行2016-03-03 12:42:42.660614
命令sh /home/work/hongmingguo/effect_valuation/double_iport.sh 10.8.18.12 3087 poster_ranking_1 100 weight IP_cmd 20160303123450开始运行2016-03-03 12:42:42.661141
sh /home/work/hongmingguo/effect_valuation/double_iport.sh 10.8.18.12 3087 poster_ranking_1 100 weight IP_cmd 20160303123450
命令sh /home/work/hongmingguo/effect_valuation/double_iport.sh 10.8.18.12 3087 poster_ranking_8 100 weight PORT_cmd 20160303123450开始运行2016-03-03 12:42:42.664298
sh /home/work/hongmingguo/effect_valuation/double_iport.sh 10.8.18.12 3087 poster_ranking_8 100 weight PORT_cmd 20160303123450
命令sh /home/work/hongmingguo/effect_valuation/double_iport.sh 10.8.18.12 3087 poster_ranking_1 100 weight IP_cmd 20160303123450结束运行2016-03-03 12:42:43.359039
命令sh /home/work/hongmingguo/effect_valuation/double_iport.sh 10.8.18.12 3087 poster_ranking_8 100 weight PORT_cmd 20160303123450结束运行2016-03-03 12:42:43.369064
程序结束运行2016-03-03 12:42:43.369402
229181847data=tru
命令sh /home/work/hongmingguo/effect_valuation/double_iport.sh 10.8.18.12 3087 poster_ranking_1 100 weight IP_cmd 20160229181847data=tru结束运行2016-02-29 18:21:21.131731
命令sh /home/work/hongmingguo/effect_valuation/double_iport.sh 10.8.18.12 3087 poster_ranking_4 100 weight PORT_cmd 20160229181847data=tru结束运行2016-02-29 18:21:21.488044
程序结束运行2016-02-29 18:21:21.488309
程序开始运行2016-02-29 20:26:27.069630
命令sh /home/work/hongmingguo/effect_valuation/double_iport.sh goodslist-bj.meiliworks.com 80 poster_ranking_1 100 weight IP_cmd 20160229202604data=tru开始运行2016-02-29 20:26:27.070071
sh /home/work/hongmingguo/effect_valuation/double_iport.sh goodslist-bj.meiliworks.com 80 poster_ranking_1 100 weight IP_cmd 20160229202604data=tru
命令sh /home/work/hongmingguo/effect_valuation/double_iport.sh goodslist-bj.meiliworks.com 80 poster_ranking_3 100 weight PORT_cmd 20160229202604data=tru开始运行2016-02-29 20:26:27.072901
sh /home/work/hongmingguo/effect_valuation/double_iport.sh goodslist-bj.meiliworks.com 80 poster_ranking_3 100 weight PORT_cmd 20160229202604data=tru
命令sh /home/work/hongmingguo/effect_valuation/double_iport.sh goodslist-bj.meiliworks.com 80 poster_ranking_1 100 weight IP_cmd 20160229202604data=tru结束运行2016-02-29 20:28:46.670233
命令sh /home/work/hongmingguo/effect_valuation/double_iport.sh goodslist-bj.meiliworks.com 80 poster_ranking_3 100 weight PORT_cmd 20160229202604data=tru结束运行2016-02-29 20:28:46.738201
程序结束运行2016-02-29 20:28:46.738603
10.8.18.12
3087
kailianzhang@meilishuo.com

kailianzhang

20160204120922
20160204120922
goodslist-bj.meiliworks.com
80
data=true@meilishuo.com

data=true

20160222122434
20160222122434
10.8.18.12
3087
